янв. 25, 2021 7:27:26 PM ru.privetdruk.l2jspace.commons.util.IXmlReader parseFile
WARNING: Could not parse file: ArmorSets.xml at line: 4, column: 52 :
org.xml.sax.SAXParseException; systemId: file:/D:/dev/project/l2/l2jspace-c6-interlude/dist/game/data/ArmorSets.xml; lineNumber: 4; columnNumber: 52; cvc-complex-type.2.4.a: Invalid content was found starting with element 'armorset'. One of '{set}' is expected.
	at java.xml/com.sun.org.apache.xerces.internal.util.ErrorHandlerWrapper.createSAXParseException(ErrorHandlerWrapper.java:204)
	at java.xml/com.sun.org.apache.xerces.internal.util.ErrorHandlerWrapper.error(ErrorHandlerWrapper.java:135)
	at java.xml/com.sun.org.apache.xerces.internal.impl.XMLErrorReporter.reportError(XMLErrorReporter.java:396)
	at java.xml/com.sun.org.apache.xerces.internal.impl.XMLErrorReporter.reportError(XMLErrorReporter.java:327)
	at java.xml/com.sun.org.apache.xerces.internal.impl.XMLErrorReporter.reportError(XMLErrorReporter.java:284)
	at java.xml/com.sun.org.apache.xerces.internal.impl.xs.XMLSchemaValidator$XSIErrorReporter.reportError(XMLSchemaValidator.java:511)
	at java.xml/com.sun.org.apache.xerces.internal.impl.xs.XMLSchemaValidator.reportSchemaError(XMLSchemaValidator.java:3587)
	at java.xml/com.sun.org.apache.xerces.internal.impl.xs.XMLSchemaValidator.handleStartElement(XMLSchemaValidator.java:1971)
	at java.xml/com.sun.org.apache.xerces.internal.impl.xs.XMLSchemaValidator.emptyElement(XMLSchemaValidator.java:849)
	at java.xml/com.sun.org.apache.xerces.internal.impl.XMLNSDocumentScannerImpl.scanStartElement(XMLNSDocumentScannerImpl.java:351)
	at java.xml/com.sun.org.apache.xerces.internal.impl.XMLDocumentFragmentScannerImpl$FragmentContentDriver.next(XMLDocumentFragmentScannerImpl.java:2725)
	at java.xml/com.sun.org.apache.xerces.internal.impl.XMLDocumentScannerImpl.next(XMLDocumentScannerImpl.java:605)
	at java.xml/com.sun.org.apache.xerces.internal.impl.XMLNSDocumentScannerImpl.next(XMLNSDocumentScannerImpl.java:112)
	at java.xml/com.sun.org.apache.xerces.internal.impl.XMLDocumentFragmentScannerImpl.scanDocument(XMLDocumentFragmentScannerImpl.java:541)
	at java.xml/com.sun.org.apache.xerces.internal.parsers.XML11Configuration.parse(XML11Configuration.java:888)
	at java.xml/com.sun.org.apache.xerces.internal.parsers.XML11Configuration.parse(XML11Configuration.java:824)
	at java.xml/com.sun.org.apache.xerces.internal.parsers.XMLParser.parse(XMLParser.java:141)
	at java.xml/com.sun.org.apache.xerces.internal.parsers.DOMParser.parse(DOMParser.java:246)
	at java.xml/com.sun.org.apache.xerces.internal.jaxp.DocumentBuilderImpl.parse(DocumentBuilderImpl.java:339)
	at java.xml/javax.xml.parsers.DocumentBuilder.parse(DocumentBuilder.java:206)
	at ru.privetdruk.l2jspace.commons.util.IXmlReader.parseFile(IXmlReader.java:91)
	at ru.privetdruk.l2jspace.commons.util.IXmlReader.parseDatapackFile(IXmlReader.java:67)
	at ru.privetdruk.l2jspace.gameserver.datatables.xml.ArmorSetData.load(ArmorSetData.java:48)
	at ru.privetdruk.l2jspace.gameserver.datatables.xml.ArmorSetData.<init>(ArmorSetData.java:43)
	at ru.privetdruk.l2jspace.gameserver.datatables.xml.ArmorSetData$SingletonHolder.<clinit>(ArmorSetData.java:102)
	at ru.privetdruk.l2jspace.gameserver.datatables.xml.ArmorSetData.getInstance(ArmorSetData.java:98)
	at ru.privetdruk.l2jspace.gameserver.GameServer.<init>(GameServer.java:233)
	at ru.privetdruk.l2jspace.gameserver.GameServer.main(GameServer.java:496)

