2021.02.20 11:53:34,364	INFO	1	ru.privetdruk.l2jspace.commons.util.Util	------------------------------------------------=[ Database ]
2021.02.20 11:53:34,573	INFO	1	ru.privetdruk.l2jspace.commons.database.DatabaseFactory	Database: Initialized.
2021.02.20 11:53:34,574	INFO	1	ru.privetdruk.l2jspace.commons.util.Util	----------------------------------------------=[ ThreadPool ]
2021.02.20 11:53:34,595	INFO	1	ru.privetdruk.l2jspace.commons.concurrent.ThreadPool	ThreadPool: Initialized
2021.02.20 11:53:34,596	INFO	1	ru.privetdruk.l2jspace.commons.concurrent.ThreadPool	...scheduled pool executor with 160 total threads.
2021.02.20 11:53:34,596	INFO	1	ru.privetdruk.l2jspace.commons.concurrent.ThreadPool	...instant pool executor with 120 total threads.
2021.02.20 11:53:34,599	INFO	1	ru.privetdruk.l2jspace.commons.util.Util	-----------------------------------------------=[ IdManager ]
2021.02.20 11:53:34,600	INFO	1	ru.privetdruk.l2jspace.gameserver.instancemanager.IdManager	Updated characters online status.
2021.02.20 11:53:34,608	INFO	1	ru.privetdruk.l2jspace.gameserver.instancemanager.IdManager	IdManager: Cleaned 0 elements from database in 0 seconds.
2021.02.20 11:53:34,612	INFO	1	ru.privetdruk.l2jspace.gameserver.instancemanager.IdManager	IdManager: Cleaned 0 expired timestamps from database.
2021.02.20 11:53:34,615	INFO	1	ru.privetdruk.l2jspace.gameserver.instancemanager.IdManager	IdManager: 102912 id's available.
2021.02.20 11:53:34,617	INFO	1	ru.privetdruk.l2jspace.gameserver.cache.HtmCache	Cache[HTML]: Running lazy cache
2021.02.20 11:53:34,620	INFO	1	ru.privetdruk.l2jspace.gameserver.cache.CrestCache	Cache[Crest]: 0,000MB on 0 files loaded.
2021.02.20 11:53:34,709	INFO	1	ru.privetdruk.l2jspace.gameserver.scripting.ScriptEngineManager	Loaded 1 files to exclude.
2021.02.20 11:53:34,709	INFO	1	ru.privetdruk.l2jspace.commons.util.Util	---------------------------------------------------=[ World ]
2021.02.20 11:53:34,711	INFO	1	ru.privetdruk.l2jspace.gameserver.model.World	World: Setting up World Regions
2021.02.20 11:53:34,730	INFO	1	ru.privetdruk.l2jspace.gameserver.model.World	World: (88x128) World Region Grid set up.
2021.02.20 11:53:34,751	INFO	1	ru.privetdruk.l2jspace.gameserver.model.entity.Announcements	Announcements: Loaded 2 Announcements.
2021.02.20 11:53:34,754	INFO	1	ru.privetdruk.l2jspace.gameserver.handler.AutoAnnouncementHandler	GameServer: Loaded 0 Auto Announcements.
2021.02.20 11:53:34,757	INFO	1	ru.privetdruk.l2jspace.gameserver.instancemanager.GlobalVariablesManager	GlobalVariablesManager: Loaded 2 variables.
2021.02.20 11:53:34,770	INFO	1	ru.privetdruk.l2jspace.commons.util.IXmlReader	StaticObjectData: Loaded 29 static objects.
2021.02.20 11:53:34,777	INFO	1	ru.privetdruk.l2jspace.gameserver.datatables.sql.TeleportLocationTable	TeleportLocationTable: Loaded 828 Teleport Location Templates
2021.02.20 11:53:34,787	INFO	1	ru.privetdruk.l2jspace.gameserver.datatables.xml.ExperienceData	ExperienceData: Loaded 87 levels
2021.02.20 11:53:34,787	INFO	1	ru.privetdruk.l2jspace.gameserver.datatables.xml.ExperienceData	ExperienceData: Max Player Level is: 80
2021.02.20 11:53:34,787	INFO	1	ru.privetdruk.l2jspace.gameserver.datatables.xml.ExperienceData	ExperienceData: Max Pet Level is: 80
2021.02.20 11:53:34,789	INFO	1	ru.privetdruk.l2jspace.gameserver.instancemanager.DuelManager	Initializing DuelManager
2021.02.20 11:53:34,789	INFO	1	ru.privetdruk.l2jspace.commons.util.Util	-------------------------------------------------=[ Players ]
2021.02.20 11:53:34,823	INFO	1	ru.privetdruk.l2jspace.commons.util.IXmlReader	PlayerTemplateData: Loaded 89 player templates.
2021.02.20 11:53:34,840	INFO	1	ru.privetdruk.l2jspace.gameserver.datatables.sql.ClanTable	Restored 1 clans from the database.
2021.02.20 11:53:34,841	INFO	1	ru.privetdruk.l2jspace.gameserver.communitybbs.Manager.BaseBBSManager	Loaded 7 forums. Last forum id used: 7
2021.02.20 11:53:34,841	INFO	1	ru.privetdruk.l2jspace.commons.util.Util	--------------------------------------------------=[ Skills ]
2021.02.20 11:53:34,967	INFO	1	ru.privetdruk.l2jspace.gameserver.datatables.sql.SkillTreeTable	SkillTreeTable: Loaded 13851 skills.
2021.02.20 11:53:34,991	INFO	1	ru.privetdruk.l2jspace.gameserver.datatables.sql.SkillTreeTable	FishingSkillTreeTable: Loaded 109 general skills.
2021.02.20 11:53:34,992	INFO	1	ru.privetdruk.l2jspace.gameserver.datatables.sql.SkillTreeTable	FishingSkillTreeTable: Loaded 8 dwarven skills.
2021.02.20 11:53:34,992	INFO	1	ru.privetdruk.l2jspace.gameserver.datatables.sql.SkillTreeTable	EnchantSkillTreeTable: Loaded 14520 enchant skills.
2021.02.20 11:53:34,992	INFO	1	ru.privetdruk.l2jspace.gameserver.datatables.sql.SkillTreeTable	PledgeSkillTreeTable: Loaded 64 pledge skills.
2021.02.20 11:53:35,526	INFO	1	ru.privetdruk.l2jspace.gameserver.engines.DocumentEngine	SkillsEngine: Loaded 30518 skill templates.
2021.02.20 11:53:35,528	INFO	1	ru.privetdruk.l2jspace.gameserver.datatables.sql.SkillSpellbookTable	SkillSpellbookTable: Loaded 334 spellbooks
2021.02.20 11:53:35,531	INFO	1	ru.privetdruk.l2jspace.gameserver.datatables.sql.HelperBuffTable	HelperBuffTable: Loaded 14 templates.
2021.02.20 11:53:35,531	INFO	1	ru.privetdruk.l2jspace.gameserver.GameServer	Skills: All skills loaded.
2021.02.20 11:53:35,532	INFO	1	ru.privetdruk.l2jspace.commons.util.Util	---------------------------------------------------=[ Items ]
2021.02.20 11:53:35,748	INFO	1	ru.privetdruk.l2jspace.gameserver.datatables.ItemTable	Highest item id used: 9208
2021.02.20 11:53:35,756	INFO	1	ru.privetdruk.l2jspace.gameserver.datatables.xml.ArmorSetData	ArmorSetData: Loaded 51 armor sets.
2021.02.20 11:53:35,779	INFO	1	ru.privetdruk.l2jspace.commons.util.IXmlReader	ExtractableItemData: Loaded 334 extractable items.
2021.02.20 11:53:35,783	INFO	1	ru.privetdruk.l2jspace.commons.util.IXmlReader	SummonItemData: Loaded 14 summon items.
2021.02.20 11:53:35,791	INFO	1	ru.privetdruk.l2jspace.commons.util.IXmlReader	HennaData: Loaded 180 hennas.
2021.02.20 11:53:35,798	INFO	1	ru.privetdruk.l2jspace.commons.util.IXmlReader	FishData: Loaded 270 fish.
2021.02.20 11:53:35,799	INFO	1	ru.privetdruk.l2jspace.commons.util.Util	-----------------------------------------------------=[ Npc ]
2021.02.20 11:53:35,810	INFO	1	ru.privetdruk.l2jspace.gameserver.datatables.SchemeBufferTable	SchemeBufferTable: Loaded 0 players schemes and 60 available buffs.
2021.02.20 11:53:35,817	INFO	1	ru.privetdruk.l2jspace.gameserver.datatables.xml.WalkerRouteData	WalkerRouteData: Loaded 12 walker routes.
2021.02.20 11:53:35,921	INFO	1	ru.privetdruk.l2jspace.gameserver.datatables.sql.NpcTable	NpcTable: Loaded 6594 Npc Templates.
2021.02.20 11:53:35,922	INFO	1	ru.privetdruk.l2jspace.gameserver.datatables.sql.NpcTable	NpcTable: Loaded 6603 Npc Templates.
2021.02.20 11:53:35,941	INFO	1	ru.privetdruk.l2jspace.gameserver.datatables.sql.NpcTable	CustomDropList : Added 0 custom droplist
2021.02.20 11:53:35,978	INFO	1	ru.privetdruk.l2jspace.gameserver.datatables.sql.NpcTable	NpcTable: Loaded 451 Minions.
2021.02.20 11:53:35,978	INFO	1	ru.privetdruk.l2jspace.commons.util.Util	-------------------------------------------------=[ Geodata ]
2021.02.20 11:53:35,981	INFO	1	ru.privetdruk.l2jspace.gameserver.geoengine.GeoEngine	GeoEngine: Initializing...
2021.02.20 11:53:36,037	INFO	1	ru.privetdruk.l2jspace.gameserver.geoengine.GeoEngine	GeoEngine: Loaded 0 geodata files.
2021.02.20 11:53:36,037	INFO	1	ru.privetdruk.l2jspace.gameserver.geoengine.GeoEngine	GeoEngine: Forcing PathFinding setting to false.
2021.02.20 11:53:36,037	INFO	1	ru.privetdruk.l2jspace.gameserver.geoengine.GeoEngine	GeoEngine: Forcing CoordSynchronize setting to -1.
2021.02.20 11:53:36,097	INFO	1	ru.privetdruk.l2jspace.gameserver.geoengine.GeoEngine	GeoEnginePathfinding: Loaded 32 node buffers.
2021.02.20 11:53:36,097	INFO	1	ru.privetdruk.l2jspace.commons.util.Util	-------------------------------------------------=[ Economy ]
2021.02.20 11:53:36,256	INFO	1	ru.privetdruk.l2jspace.gameserver.TradeController	TradeController: Loaded 508 Buylists.
2021.02.20 11:53:36,257	INFO	1	ru.privetdruk.l2jspace.gameserver.TradeController	TradeController: Loaded 132 Limited Buylists.
2021.02.20 11:53:36,260	INFO	1	ru.privetdruk.l2jspace.gameserver.TradeController	TradeController: Loaded 0 Custom Buylists.
2021.02.20 11:53:36,378	INFO	1	ru.privetdruk.l2jspace.gameserver.datatables.xml.MultisellData	Multisell: Loaded 148 Multisells.
2021.02.20 11:53:36,378	INFO	1	ru.privetdruk.l2jspace.commons.util.Util	----------------------------------------------=[ Clan Halls ]
2021.02.20 11:53:36,379	INFO	1	ru.privetdruk.l2jspace.gameserver.instancemanager.ClanHallManager	Initializing ClanHallManager
2021.02.20 11:53:36,409	INFO	1	ru.privetdruk.l2jspace.gameserver.instancemanager.ClanHallManager	Loaded: 0 clan halls
2021.02.20 11:53:36,409	INFO	1	ru.privetdruk.l2jspace.gameserver.instancemanager.ClanHallManager	Loaded: 44 free clan halls
2021.02.20 11:53:36,412	INFO	1	ru.privetdruk.l2jspace.gameserver.model.entity.siege.clanhalls.FortressOfResistance	Fortress of Resistanse: siege will start the 2021/02/26 21:00
2021.02.20 11:53:36,414	INFO	1	ru.privetdruk.l2jspace.gameserver.model.entity.siege.clanhalls.DevastatedCastle	Devastated Castle: siege will start the 2021/02/22 18:00
2021.02.20 11:53:36,417	INFO	1	ru.privetdruk.l2jspace.gameserver.model.entity.siege.clanhalls.BanditStrongholdSiege	SiegeManager of Bandits Stronghold
2021.02.20 11:53:36,418	INFO	1	ru.privetdruk.l2jspace.gameserver.instancemanager.AuctionManager	Initializing AuctionManager
2021.02.20 11:53:36,427	INFO	1	ru.privetdruk.l2jspace.gameserver.instancemanager.AuctionManager	Loaded: 38 auction(s)
2021.02.20 11:53:36,427	INFO	1	ru.privetdruk.l2jspace.commons.util.Util	----------------------------------------------------=[ Zone ]
2021.02.20 11:53:36,437	INFO	1	ru.privetdruk.l2jspace.gameserver.datatables.xml.ZoneData	ZoneData: Loading zones...
2021.02.20 11:53:36,465	INFO	1	ru.privetdruk.l2jspace.gameserver.instancemanager.GrandBossManager	GrandBossManager: Loaded 15 Instances
2021.02.20 11:53:36,520	INFO	1	ru.privetdruk.l2jspace.gameserver.instancemanager.CastleManager	Initializing CastleManager
2021.02.20 11:53:36,530	INFO	1	ru.privetdruk.l2jspace.gameserver.instancemanager.CastleManager	Loaded: 9 castles
2021.02.20 11:53:37,066	INFO	1	ru.privetdruk.l2jspace.gameserver.instancemanager.FortManager	Initializing FortManager
2021.02.20 11:53:37,078	INFO	1	ru.privetdruk.l2jspace.gameserver.instancemanager.FortManager	Loaded: 21 fortress
2021.02.20 11:53:38,023	INFO	1	ru.privetdruk.l2jspace.gameserver.datatables.xml.ZoneData	ZoneData: Loaded 22 zones classes and total 1002 zones.
2021.02.20 11:53:38,023	INFO	1	ru.privetdruk.l2jspace.commons.util.Util	-----------------------------------------------=[ Spawnlist ]
2021.02.20 11:53:38,053	INFO	1	ru.privetdruk.l2jspace.gameserver.datatables.sql.FakePlayerTable	CustomNpcInstanceManager: loaded 0 NPC to PC polymorphs.
2021.02.20 11:53:38,196	INFO	1	ru.privetdruk.l2jspace.gameserver.model.entity.siege.Siege	Siege of Dion: Sat Feb 20 20:00:00 MSK 2021
2021.02.20 11:53:38,244	INFO	1	ru.privetdruk.l2jspace.gameserver.model.entity.siege.Siege	Siege of Oren: Sun Feb 21 16:00:00 MSK 2021
2021.02.20 11:53:38,554	INFO	1	ru.privetdruk.l2jspace.gameserver.model.entity.siege.Siege	Siege of Gludio: Sat Feb 20 20:00:00 MSK 2021
2021.02.20 11:53:38,557	INFO	1	ru.privetdruk.l2jspace.gameserver.model.entity.siege.Siege	Siege of Giran: Sun Feb 21 16:00:00 MSK 2021
2021.02.20 11:53:38,558	INFO	1	ru.privetdruk.l2jspace.gameserver.model.entity.siege.Siege	Siege of Innadril: Sun Feb 21 16:00:00 MSK 2021
2021.02.20 11:53:38,558	INFO	1	ru.privetdruk.l2jspace.gameserver.model.entity.siege.Siege	Siege of Aden: Sat Feb 20 20:00:00 MSK 2021
2021.02.20 11:53:38,594	INFO	1	ru.privetdruk.l2jspace.gameserver.model.entity.siege.Siege	Siege of Goddard: Sun Feb 21 16:00:00 MSK 2021
2021.02.20 11:53:38,613	INFO	1	ru.privetdruk.l2jspace.gameserver.model.entity.siege.Siege	Siege of Rune: Sat Feb 20 20:00:00 MSK 2021
2021.02.20 11:53:38,613	INFO	1	ru.privetdruk.l2jspace.gameserver.model.entity.siege.Siege	Siege of Schuttgart: Sat Feb 20 20:00:00 MSK 2021
2021.02.20 11:53:38,687	INFO	1	ru.privetdruk.l2jspace.gameserver.datatables.sql.SpawnTable	SpawnTable: Loaded 37502 Npc Spawn Locations. 
2021.02.20 11:53:38,687	INFO	1	ru.privetdruk.l2jspace.gameserver.datatables.sql.SpawnTable	SpawnTable: Total number of NPCs in the world: 37502
2021.02.20 11:53:38,688	INFO	1	ru.privetdruk.l2jspace.gameserver.datatables.sql.SpawnTable	CustomSpawnTable: Loaded 3 Npc Spawn Locations. 
2021.02.20 11:53:38,688	INFO	1	ru.privetdruk.l2jspace.gameserver.datatables.sql.SpawnTable	CustomSpawnTable: Total number of NPCs in the world: 3
2021.02.20 11:53:38,713	INFO	1	ru.privetdruk.l2jspace.gameserver.instancemanager.RaidBossSpawnManager	RaidBossSpawnManager: Loaded 186 instances.
2021.02.20 11:53:38,713	INFO	1	ru.privetdruk.l2jspace.gameserver.instancemanager.RaidBossSpawnManager	RaidBossSpawnManager: Scheduled 0 instances.
2021.02.20 11:53:38,716	INFO	1	ru.privetdruk.l2jspace.gameserver.instancemanager.DayNightSpawnManager	DayNightSpawnManager: Removed 0 night creatures
2021.02.20 11:53:38,718	INFO	1	ru.privetdruk.l2jspace.gameserver.instancemanager.DayNightSpawnManager	DayNightSpawnManager: Spawned 232 day creatures
2021.02.20 11:53:38,754	INFO	1	ru.privetdruk.l2jspace.commons.util.Util	----------------------------------------=[ Dimensional Rift ]
2021.02.20 11:53:38,756	INFO	1	ru.privetdruk.l2jspace.gameserver.instancemanager.DimensionalRiftManager	DimensionalRiftManager: Loaded 7 room types with 56 rooms.
2021.02.20 11:53:38,759	INFO	1	ru.privetdruk.l2jspace.gameserver.instancemanager.DimensionalRiftManager	DimensionalRiftManager: Loaded 462 dimensional rift spawns.
2021.02.20 11:53:38,759	INFO	1	ru.privetdruk.l2jspace.commons.util.Util	----------------------------------------------------=[ Misc ]
2021.02.20 11:53:38,811	INFO	1	ru.privetdruk.l2jspace.gameserver.datatables.xml.RecipeData	RecipeData: Loaded 871 recipes.
2021.02.20 11:53:38,814	INFO	1	ru.privetdruk.l2jspace.gameserver.datatables.xml.AugmentationData	Initializing AugmentationData.
2021.02.20 11:53:38,829	INFO	1	ru.privetdruk.l2jspace.gameserver.datatables.xml.AugmentationData	AugmentationData: Loaded 52 augmentation stats.
2021.02.20 11:53:38,832	INFO	1	ru.privetdruk.l2jspace.gameserver.model.entity.event.MonsterRace	MonsterRace: loaded 46 records, currently on race #47
2021.02.20 11:53:38,836	INFO	1	ru.privetdruk.l2jspace.gameserver.instancemanager.MercTicketManager	Initializing MercTicketManager
2021.02.20 11:53:38,836	INFO	1	ru.privetdruk.l2jspace.gameserver.instancemanager.MercTicketManager	Loaded: 0 Mercenary Tickets
2021.02.20 11:53:38,839	INFO	1	ru.privetdruk.l2jspace.gameserver.instancemanager.CursedWeaponsManager	Initializing CursedWeaponsManager.
2021.02.20 11:53:38,842	INFO	1	ru.privetdruk.l2jspace.gameserver.instancemanager.CursedWeaponsManager	Loaded: 2 cursed weapon(s).
2021.02.20 11:53:38,854	INFO	1	ru.privetdruk.l2jspace.commons.util.Util	---------------------------------------------------=[ Manor ]
2021.02.20 11:53:38,859	INFO	1	ru.privetdruk.l2jspace.gameserver.datatables.xml.ManorSeedData	ManorSeedData: Loaded 256 seeds.
2021.02.20 11:53:38,862	INFO	1	ru.privetdruk.l2jspace.commons.util.Util	-------------------------------------------------=[ Castles ]
2021.02.20 11:53:38,863	INFO	1	ru.privetdruk.l2jspace.gameserver.instancemanager.SiegeManager	Initializing SiegeManager
2021.02.20 11:53:38,865	INFO	1	ru.privetdruk.l2jspace.gameserver.instancemanager.FortSiegeManager	Initializing FortSiegeManager
2021.02.20 11:53:38,866	INFO	1	ru.privetdruk.l2jspace.commons.util.Util	----------------------------------------------------=[ Boat ]
2021.02.20 11:53:38,873	INFO	1	ru.privetdruk.l2jspace.gameserver.datatables.xml.BoatData	BoatData: Loaded 5 boats.
2021.02.20 11:53:38,873	INFO	1	ru.privetdruk.l2jspace.gameserver.datatables.xml.BoatData	BoatData: Loaded 9 paths.
2021.02.20 11:53:38,873	INFO	1	ru.privetdruk.l2jspace.commons.util.Util	---------------------------------------------------=[ Doors ]
2021.02.20 11:53:38,904	INFO	1	ru.privetdruk.l2jspace.gameserver.datatables.xml.DoorData	DoorData: Loaded 1001 doors.
2021.02.20 11:53:38,907	INFO	1	FenceData	FenceData: Loaded 1 Fences.
2021.02.20 11:53:38,907	INFO	1	ru.privetdruk.l2jspace.commons.util.Util	-----------------------------------------=[ Four Sepulchers ]
2021.02.20 11:53:38,909	INFO	1	ru.privetdruk.l2jspace.gameserver.instancemanager.GrandBossManager	GrandBossManager: Loaded 15 Instances
2021.02.20 11:53:38,929	INFO	1	ru.privetdruk.l2jspace.gameserver.instancemanager.GrandBossManager	FourSepulchersManager: Beginning in Cooldown time
2021.02.20 11:53:38,929	INFO	1	ru.privetdruk.l2jspace.commons.util.Util	---------------------------------------------=[ Seven Signs ]
2021.02.20 11:53:38,934	INFO	1	ru.privetdruk.l2jspace.gameserver.model.entity.sevensigns.SevenSigns	SevenSigns: Currently in the Competition (Quest Event) period!
2021.02.20 11:53:38,934	INFO	1	ru.privetdruk.l2jspace.gameserver.model.entity.sevensigns.SevenSigns	SevenSigns: The Seal of Avarice remains unclaimed.
2021.02.20 11:53:38,934	INFO	1	ru.privetdruk.l2jspace.gameserver.model.entity.sevensigns.SevenSigns	SevenSigns: The Seal of Gnosis remains unclaimed.
2021.02.20 11:53:38,934	INFO	1	ru.privetdruk.l2jspace.gameserver.model.entity.sevensigns.SevenSigns	SevenSigns: The Seal of Strife remains unclaimed.
2021.02.20 11:53:38,934	INFO	1	ru.privetdruk.l2jspace.gameserver.model.entity.sevensigns.SevenSigns	SevenSigns: The competition, if the current trend continues, will end in a tie this week.
2021.02.20 11:53:38,936	INFO	1	ru.privetdruk.l2jspace.gameserver.model.entity.sevensigns.SevenSigns	SevenSigns: Next period in 2 days, 6 hours and 6 mins.
2021.02.20 11:53:38,978	INFO	1	ru.privetdruk.l2jspace.gameserver.model.entity.sevensigns.SevenSignsFestival	SevenSignsFestival: The first Festival of Darkness cycle begins in 2 minute(s).
2021.02.20 11:53:38,979	INFO	1	ru.privetdruk.l2jspace.commons.util.Util	-----------------------------------------=[ Olympiad System ]
2021.02.20 11:53:38,979	INFO	1	ru.privetdruk.l2jspace.gameserver.model.entity.olympiad.Olympiad	Olympiad System: Loading Olympiad System....
2021.02.20 11:53:38,980	INFO	1	ru.privetdruk.l2jspace.gameserver.model.entity.olympiad.Olympiad	Olympiad System: Currently in Olympiad Period
2021.02.20 11:53:38,980	INFO	1	ru.privetdruk.l2jspace.gameserver.model.entity.olympiad.Olympiad	Olympiad System: 12966 minutes until period ends
2021.02.20 11:53:38,980	INFO	1	ru.privetdruk.l2jspace.gameserver.model.entity.olympiad.Olympiad	Olympiad System: Next weekly change is in 9254 minutes
2021.02.20 11:53:38,980	INFO	1	ru.privetdruk.l2jspace.gameserver.model.entity.olympiad.Olympiad	Olympiad System: Loaded 0 Nobles
2021.02.20 11:53:38,981	INFO	1	ru.privetdruk.l2jspace.gameserver.model.entity.olympiad.Olympiad	Olympiad System: Competition Period Starts in 0 days, 6 hours and 7 mins.
2021.02.20 11:53:38,981	INFO	1	ru.privetdruk.l2jspace.gameserver.model.entity.olympiad.Olympiad	Olympiad System: Event starts/started : Sat Feb 20 18:00:38 MSK 2021
2021.02.20 11:53:38,982	INFO	1	ru.privetdruk.l2jspace.gameserver.model.entity.Hero	Hero System: Loaded 0 Heroes.
2021.02.20 11:53:38,982	INFO	1	ru.privetdruk.l2jspace.gameserver.model.entity.Hero	Hero System: Loaded 0 all time Heroes.
2021.02.20 11:53:38,982	INFO	1	ru.privetdruk.l2jspace.commons.util.Util	-------------------------------------------=[ Access Levels ]
2021.02.20 11:53:38,986	INFO	1	ru.privetdruk.l2jspace.gameserver.datatables.xml.AdminData	AdminData: Loaded 7 access levels.
2021.02.20 11:53:38,991	INFO	1	ru.privetdruk.l2jspace.gameserver.datatables.xml.AdminData	AdminData: Loaded 483 access commands.
2021.02.20 11:53:38,991	INFO	1	ru.privetdruk.l2jspace.commons.util.Util	------------------------------------------------=[ Handlers ]
2021.02.20 11:53:39,008	INFO	1	ru.privetdruk.l2jspace.gameserver.handler.ItemHandler	ItemHandler: Loaded 2047 handlers.
2021.02.20 11:53:39,019	INFO	1	ru.privetdruk.l2jspace.gameserver.handler.SkillHandler	SkillHandler: Loaded 76 handlers.
2021.02.20 11:53:39,046	INFO	1	ru.privetdruk.l2jspace.gameserver.handler.AdminCommandHandler	AdminCommandHandler: Loaded 493 handlers.
2021.02.20 11:53:39,051	INFO	1	ru.privetdruk.l2jspace.gameserver.handler.UserCommandHandler	UserCommandHandler: Loaded 16 handlers.
2021.02.20 11:53:39,053	INFO	1	ru.privetdruk.l2jspace.gameserver.handler.VoicedCommandHandler	VoicedCommandHandler: Loaded 10 handlers.
2021.02.20 11:53:39,053	INFO	1	ru.privetdruk.l2jspace.gameserver.GameServer	AutoChatHandler: Loaded 32 handlers in total.
2021.02.20 11:53:39,054	INFO	1	ru.privetdruk.l2jspace.gameserver.GameServer	AutoSpawnHandler: Loaded 129 handlers in total.
2021.02.20 11:53:39,055	INFO	1	ru.privetdruk.l2jspace.commons.util.Util	-------------------------------------------------=[ Scripts ]
2021.02.20 11:53:39,055	INFO	1	ru.privetdruk.l2jspace.gameserver.GameServer	ScriptEngineManager: Loading server scripts:
2021.02.20 11:53:42,873	INFO	1	ru.privetdruk.l2jspace.gameserver.instancemanager.GrandBossManager	Updated High Priestess van Halter(29062) status to 1
2021.02.20 11:53:43,116	INFO	1	ru.privetdruk.l2jspace.commons.util.Util	--------------------------------------------------=[ Quests ]
2021.02.20 11:53:43,117	INFO	1	ru.privetdruk.l2jspace.gameserver.instancemanager.QuestManager	Loaded: 342 quest scripts.
2021.02.20 11:53:43,117	INFO	1	ru.privetdruk.l2jspace.commons.util.Util	---------------------------------------------=[ Game Server ]
2021.02.20 11:53:43,117	INFO	1	ru.privetdruk.l2jspace.gameserver.GameServer	IdFactory: Free ObjectID's remaining: 1879005985
2021.02.20 11:53:43,117	INFO	1	ru.privetdruk.l2jspace.commons.util.Util	--------------------------------------------=[ EventManager ]
2021.02.20 11:53:43,118	INFO	1	ru.privetdruk.l2jspace.gameserver.GameServer	All events are Disabled.
2021.02.20 11:53:43,119	INFO	1	ru.privetdruk.l2jspace.gameserver.datatables.OfflineTradeTable	Loading offline traders...
2021.02.20 11:53:43,120	INFO	1	ru.privetdruk.l2jspace.gameserver.datatables.OfflineTradeTable	Loaded 0 offline traders.
2021.02.20 11:53:43,120	INFO	1	ru.privetdruk.l2jspace.commons.util.Util	----------------------------------------------=[ Protection ]
2021.02.20 11:53:43,120	INFO	1	ru.privetdruk.l2jspace.gameserver.GameServer	Check skills on enter actived.
2021.02.20 11:53:43,120	INFO	1	ru.privetdruk.l2jspace.gameserver.GameServer	Check bad name on enter actived.
2021.02.20 11:53:43,120	INFO	1	ru.privetdruk.l2jspace.gameserver.GameServer	Check OverEnchant items on enter actived.
2021.02.20 11:53:43,120	INFO	1	ru.privetdruk.l2jspace.gameserver.GameServer	Bypass Validation actived.
2021.02.20 11:53:43,120	INFO	1	ru.privetdruk.l2jspace.commons.util.Util	----------------------------------------------------=[ Info ]
2021.02.20 11:53:43,129	INFO	1	ru.privetdruk.l2jspace.gameserver.GameServer	Maximum Numbers of Connected Players: 2000
2021.02.20 11:53:43,131	INFO	1	ru.privetdruk.l2jspace.gameserver.GameServer	GameServer Started, free memory 7667 Mb of 8104 Mb
2021.02.20 11:53:43,131	INFO	1	ru.privetdruk.l2jspace.gameserver.GameServer	Used memory: 437 MB
2021.02.20 11:53:43,131	INFO	1	ru.privetdruk.l2jspace.commons.util.Util	--------------------------------------------------=[ Status ]
2021.02.20 11:53:43,131	INFO	1	ru.privetdruk.l2jspace.gameserver.GameServer	Server Loaded in 9 seconds.
2021.02.20 11:53:43,131	INFO	1	ru.privetdruk.l2jspace.commons.util.Util	--------------------------------------------------=[ Telnet ]
2021.02.20 11:53:43,131	INFO	1	ru.privetdruk.l2jspace.gameserver.GameServer	Telnet server is disabled.
2021.02.20 11:53:43,131	INFO	1	ru.privetdruk.l2jspace.commons.util.Util	---------------------------------------------------=[ Login ]
2021.02.20 11:53:43,139	INFO	319	ru.privetdruk.l2jspace.gameserver.LoginServerThread	Connecting to login on 127.0.0.1:9014
2021.02.20 11:53:43,174	INFO	319	ru.privetdruk.l2jspace.gameserver.LoginServerThread	Registered on login as Server 2 : Sieghardt
2021.02.20 11:54:13,922	WARNING	29	ru.privetdruk.l2jspace.gameserver.Shutdown	Server issued shutdown command. SIGTERM in 1 seconds!
2021.02.20 11:54:14,925	WARNING	324	ru.privetdruk.l2jspace.gameserver.Shutdown	GM shutdown countdown is over. shutting down NOW!
2021.02.20 11:54:14,926	INFO	324	ru.privetdruk.l2jspace.gameserver.Shutdown	GM shutdown received. Shutting down NOW!
2021.02.20 11:54:14,929	INFO	324	ru.privetdruk.l2jspace.gameserver.datatables.OfflineTradeTable	Offline traders stored.
2021.02.20 11:54:14,930	INFO	324	ru.privetdruk.l2jspace.gameserver.Shutdown	Disconnecting all players from the Server...
2021.02.20 11:54:14,930	INFO	324	ru.privetdruk.l2jspace.gameserver.Shutdown	Saving all players data...
2021.02.20 11:54:14,939	INFO	324	ru.privetdruk.l2jspace.gameserver.Shutdown	SevenSigns: All info saved!!
2021.02.20 11:54:14,997	INFO	324	ru.privetdruk.l2jspace.gameserver.Shutdown	RaidBossSpawnManager: All raidboss info saved!!
2021.02.20 11:54:14,998	INFO	324	ru.privetdruk.l2jspace.gameserver.Shutdown	GrandBossManager: All Grand Boss info saved!!
2021.02.20 11:54:14,998	INFO	324	ru.privetdruk.l2jspace.gameserver.Shutdown	TradeController: All count Item Saved!!
2021.02.20 11:54:14,998	INFO	324	ru.privetdruk.l2jspace.gameserver.Shutdown	Olympiad System: Data saved!!
2021.02.20 11:54:15,000	INFO	324	ru.privetdruk.l2jspace.gameserver.Shutdown	Fishing Championship data have been saved!!
2021.02.20 11:54:15,002	INFO	324	ru.privetdruk.l2jspace.gameserver.Shutdown	BufferTable data has been saved!!
2021.02.20 11:54:15,009	INFO	324	ru.privetdruk.l2jspace.gameserver.instancemanager.GlobalVariablesManager	GlobalVariablesManager: Stored 2 variables.
2021.02.20 11:54:15,009	INFO	324	ru.privetdruk.l2jspace.gameserver.Shutdown	Global Variables Manager: Variables have been saved!!
2021.02.20 11:54:20,011	INFO	324	ru.privetdruk.l2jspace.commons.concurrent.ThreadPool	ThreadPool: Shutting down.
2021.02.20 11:54:20,020	INFO	324	ru.privetdruk.l2jspace.gameserver.Shutdown	Committing all data, last chance...
2021.02.20 11:54:20,034	INFO	324	ru.privetdruk.l2jspace.gameserver.Shutdown	All database data committed.
2021.02.20 11:54:20,035	INFO	324	ru.privetdruk.l2jspace.gameserver.Shutdown	[STATUS] Server shutdown successfully.
