2021.02.20 11:54:27,967	INFO	1	ru.privetdruk.l2jspace.commons.util.Util	------------------------------------------------=[ Database ]
2021.02.20 11:54:28,175	INFO	1	ru.privetdruk.l2jspace.commons.database.DatabaseFactory	Database: Initialized.
2021.02.20 11:54:28,175	INFO	1	ru.privetdruk.l2jspace.commons.util.Util	----------------------------------------------=[ ThreadPool ]
2021.02.20 11:54:28,197	INFO	1	ru.privetdruk.l2jspace.commons.concurrent.ThreadPool	ThreadPool: Initialized
2021.02.20 11:54:28,198	INFO	1	ru.privetdruk.l2jspace.commons.concurrent.ThreadPool	...scheduled pool executor with 160 total threads.
2021.02.20 11:54:28,198	INFO	1	ru.privetdruk.l2jspace.commons.concurrent.ThreadPool	...instant pool executor with 120 total threads.
2021.02.20 11:54:28,201	INFO	1	ru.privetdruk.l2jspace.commons.util.Util	-----------------------------------------------=[ IdManager ]
2021.02.20 11:54:28,202	INFO	1	ru.privetdruk.l2jspace.gameserver.instancemanager.IdManager	Updated characters online status.
2021.02.20 11:54:28,210	INFO	1	ru.privetdruk.l2jspace.gameserver.instancemanager.IdManager	IdManager: Cleaned 0 elements from database in 0 seconds.
2021.02.20 11:54:28,213	INFO	1	ru.privetdruk.l2jspace.gameserver.instancemanager.IdManager	IdManager: Cleaned 0 expired timestamps from database.
2021.02.20 11:54:28,216	INFO	1	ru.privetdruk.l2jspace.gameserver.instancemanager.IdManager	IdManager: 102912 id's available.
2021.02.20 11:54:28,217	INFO	1	ru.privetdruk.l2jspace.gameserver.cache.HtmCache	Cache[HTML]: Running lazy cache
2021.02.20 11:54:28,220	INFO	1	ru.privetdruk.l2jspace.gameserver.cache.CrestCache	Cache[Crest]: 0,000MB on 0 files loaded.
2021.02.20 11:54:28,311	INFO	1	ru.privetdruk.l2jspace.gameserver.scripting.ScriptEngineManager	Loaded 1 files to exclude.
2021.02.20 11:54:28,311	INFO	1	ru.privetdruk.l2jspace.commons.util.Util	---------------------------------------------------=[ World ]
2021.02.20 11:54:28,312	INFO	1	ru.privetdruk.l2jspace.gameserver.model.World	World: Setting up World Regions
2021.02.20 11:54:28,332	INFO	1	ru.privetdruk.l2jspace.gameserver.model.World	World: (88x128) World Region Grid set up.
2021.02.20 11:54:28,353	INFO	1	ru.privetdruk.l2jspace.gameserver.model.entity.Announcements	Announcements: Loaded 2 Announcements.
2021.02.20 11:54:28,356	INFO	1	ru.privetdruk.l2jspace.gameserver.handler.AutoAnnouncementHandler	GameServer: Loaded 0 Auto Announcements.
2021.02.20 11:54:28,359	INFO	1	ru.privetdruk.l2jspace.gameserver.instancemanager.GlobalVariablesManager	GlobalVariablesManager: Loaded 2 variables.
2021.02.20 11:54:28,371	INFO	1	ru.privetdruk.l2jspace.commons.util.IXmlReader	StaticObjectData: Loaded 29 static objects.
2021.02.20 11:54:28,378	INFO	1	ru.privetdruk.l2jspace.gameserver.datatables.sql.TeleportLocationTable	TeleportLocationTable: Loaded 828 Teleport Location Templates
2021.02.20 11:54:28,388	INFO	1	ru.privetdruk.l2jspace.gameserver.datatables.xml.ExperienceData	ExperienceData: Loaded 87 levels
2021.02.20 11:54:28,388	INFO	1	ru.privetdruk.l2jspace.gameserver.datatables.xml.ExperienceData	ExperienceData: Max Player Level is: 80
2021.02.20 11:54:28,388	INFO	1	ru.privetdruk.l2jspace.gameserver.datatables.xml.ExperienceData	ExperienceData: Max Pet Level is: 80
2021.02.20 11:54:28,389	INFO	1	ru.privetdruk.l2jspace.gameserver.instancemanager.DuelManager	Initializing DuelManager
2021.02.20 11:54:28,390	INFO	1	ru.privetdruk.l2jspace.commons.util.Util	-------------------------------------------------=[ Players ]
2021.02.20 11:54:28,423	INFO	1	ru.privetdruk.l2jspace.commons.util.IXmlReader	PlayerTemplateData: Loaded 89 player templates.
2021.02.20 11:54:28,441	INFO	1	ru.privetdruk.l2jspace.gameserver.datatables.sql.ClanTable	Restored 1 clans from the database.
2021.02.20 11:54:28,442	INFO	1	ru.privetdruk.l2jspace.gameserver.communitybbs.Manager.BaseBBSManager	Loaded 7 forums. Last forum id used: 7
2021.02.20 11:54:28,443	INFO	1	ru.privetdruk.l2jspace.commons.util.Util	--------------------------------------------------=[ Skills ]
2021.02.20 11:54:28,571	INFO	1	ru.privetdruk.l2jspace.gameserver.datatables.sql.SkillTreeTable	SkillTreeTable: Loaded 13851 skills.
2021.02.20 11:54:28,595	INFO	1	ru.privetdruk.l2jspace.gameserver.datatables.sql.SkillTreeTable	FishingSkillTreeTable: Loaded 109 general skills.
2021.02.20 11:54:28,595	INFO	1	ru.privetdruk.l2jspace.gameserver.datatables.sql.SkillTreeTable	FishingSkillTreeTable: Loaded 8 dwarven skills.
2021.02.20 11:54:28,596	INFO	1	ru.privetdruk.l2jspace.gameserver.datatables.sql.SkillTreeTable	EnchantSkillTreeTable: Loaded 14520 enchant skills.
2021.02.20 11:54:28,596	INFO	1	ru.privetdruk.l2jspace.gameserver.datatables.sql.SkillTreeTable	PledgeSkillTreeTable: Loaded 64 pledge skills.
2021.02.20 11:54:29,169	INFO	1	ru.privetdruk.l2jspace.gameserver.engines.DocumentEngine	SkillsEngine: Loaded 30518 skill templates.
2021.02.20 11:54:29,171	INFO	1	ru.privetdruk.l2jspace.gameserver.datatables.sql.SkillSpellbookTable	SkillSpellbookTable: Loaded 334 spellbooks
2021.02.20 11:54:29,174	INFO	1	ru.privetdruk.l2jspace.gameserver.datatables.sql.HelperBuffTable	HelperBuffTable: Loaded 14 templates.
2021.02.20 11:54:29,174	INFO	1	ru.privetdruk.l2jspace.gameserver.GameServer	Skills: All skills loaded.
2021.02.20 11:54:29,174	INFO	1	ru.privetdruk.l2jspace.commons.util.Util	---------------------------------------------------=[ Items ]
2021.02.20 11:54:29,382	INFO	1	ru.privetdruk.l2jspace.gameserver.datatables.ItemTable	Highest item id used: 9208
2021.02.20 11:54:29,390	INFO	1	ru.privetdruk.l2jspace.gameserver.datatables.xml.ArmorSetData	ArmorSetData: Loaded 51 armor sets.
2021.02.20 11:54:29,414	INFO	1	ru.privetdruk.l2jspace.commons.util.IXmlReader	ExtractableItemData: Loaded 334 extractable items.
2021.02.20 11:54:29,419	INFO	1	ru.privetdruk.l2jspace.commons.util.IXmlReader	SummonItemData: Loaded 14 summon items.
2021.02.20 11:54:29,427	INFO	1	ru.privetdruk.l2jspace.commons.util.IXmlReader	HennaData: Loaded 180 hennas.
2021.02.20 11:54:29,436	INFO	1	ru.privetdruk.l2jspace.commons.util.IXmlReader	FishData: Loaded 270 fish.
2021.02.20 11:54:29,436	INFO	1	ru.privetdruk.l2jspace.commons.util.Util	-----------------------------------------------------=[ Npc ]
2021.02.20 11:54:29,445	INFO	1	ru.privetdruk.l2jspace.gameserver.datatables.SchemeBufferTable	SchemeBufferTable: Loaded 0 players schemes and 60 available buffs.
2021.02.20 11:54:29,450	INFO	1	ru.privetdruk.l2jspace.gameserver.datatables.xml.WalkerRouteData	WalkerRouteData: Loaded 12 walker routes.
2021.02.20 11:54:29,556	INFO	1	ru.privetdruk.l2jspace.gameserver.datatables.sql.NpcTable	NpcTable: Loaded 6594 Npc Templates.
2021.02.20 11:54:29,557	INFO	1	ru.privetdruk.l2jspace.gameserver.datatables.sql.NpcTable	NpcTable: Loaded 6603 Npc Templates.
2021.02.20 11:54:29,574	INFO	1	ru.privetdruk.l2jspace.gameserver.datatables.sql.NpcTable	CustomDropList : Added 0 custom droplist
2021.02.20 11:54:29,608	INFO	1	ru.privetdruk.l2jspace.gameserver.datatables.sql.NpcTable	NpcTable: Loaded 451 Minions.
2021.02.20 11:54:29,608	INFO	1	ru.privetdruk.l2jspace.commons.util.Util	-------------------------------------------------=[ Geodata ]
2021.02.20 11:54:29,611	INFO	1	ru.privetdruk.l2jspace.gameserver.geoengine.GeoEngine	GeoEngine: Initializing...
2021.02.20 11:54:29,665	INFO	1	ru.privetdruk.l2jspace.gameserver.geoengine.GeoEngine	GeoEngine: Loaded 0 geodata files.
2021.02.20 11:54:29,665	INFO	1	ru.privetdruk.l2jspace.gameserver.geoengine.GeoEngine	GeoEngine: Forcing PathFinding setting to false.
2021.02.20 11:54:29,665	INFO	1	ru.privetdruk.l2jspace.gameserver.geoengine.GeoEngine	GeoEngine: Forcing CoordSynchronize setting to -1.
2021.02.20 11:54:29,715	INFO	1	ru.privetdruk.l2jspace.gameserver.geoengine.GeoEngine	GeoEnginePathfinding: Loaded 32 node buffers.
2021.02.20 11:54:29,716	INFO	1	ru.privetdruk.l2jspace.commons.util.Util	-------------------------------------------------=[ Economy ]
2021.02.20 11:54:29,875	INFO	1	ru.privetdruk.l2jspace.gameserver.TradeController	TradeController: Loaded 508 Buylists.
2021.02.20 11:54:29,875	INFO	1	ru.privetdruk.l2jspace.gameserver.TradeController	TradeController: Loaded 132 Limited Buylists.
2021.02.20 11:54:29,878	INFO	1	ru.privetdruk.l2jspace.gameserver.TradeController	TradeController: Loaded 0 Custom Buylists.
2021.02.20 11:54:29,993	INFO	1	ru.privetdruk.l2jspace.gameserver.datatables.xml.MultisellData	Multisell: Loaded 148 Multisells.
2021.02.20 11:54:29,993	INFO	1	ru.privetdruk.l2jspace.commons.util.Util	----------------------------------------------=[ Clan Halls ]
2021.02.20 11:54:29,994	INFO	1	ru.privetdruk.l2jspace.gameserver.instancemanager.ClanHallManager	Initializing ClanHallManager
2021.02.20 11:54:30,024	INFO	1	ru.privetdruk.l2jspace.gameserver.instancemanager.ClanHallManager	Loaded: 0 clan halls
2021.02.20 11:54:30,024	INFO	1	ru.privetdruk.l2jspace.gameserver.instancemanager.ClanHallManager	Loaded: 44 free clan halls
2021.02.20 11:54:30,027	INFO	1	ru.privetdruk.l2jspace.gameserver.model.entity.siege.clanhalls.FortressOfResistance	Fortress of Resistanse: siege will start the 2021/02/26 21:00
2021.02.20 11:54:30,029	INFO	1	ru.privetdruk.l2jspace.gameserver.model.entity.siege.clanhalls.DevastatedCastle	Devastated Castle: siege will start the 2021/02/22 18:00
2021.02.20 11:54:30,032	INFO	1	ru.privetdruk.l2jspace.gameserver.model.entity.siege.clanhalls.BanditStrongholdSiege	SiegeManager of Bandits Stronghold
2021.02.20 11:54:30,034	INFO	1	ru.privetdruk.l2jspace.gameserver.instancemanager.AuctionManager	Initializing AuctionManager
2021.02.20 11:54:30,045	INFO	1	ru.privetdruk.l2jspace.gameserver.instancemanager.AuctionManager	Loaded: 38 auction(s)
2021.02.20 11:54:30,045	INFO	1	ru.privetdruk.l2jspace.commons.util.Util	----------------------------------------------------=[ Zone ]
2021.02.20 11:54:30,055	INFO	1	ru.privetdruk.l2jspace.gameserver.datatables.xml.ZoneData	ZoneData: Loading zones...
2021.02.20 11:54:30,079	INFO	1	ru.privetdruk.l2jspace.gameserver.instancemanager.GrandBossManager	GrandBossManager: Loaded 15 Instances
2021.02.20 11:54:30,137	INFO	1	ru.privetdruk.l2jspace.gameserver.instancemanager.CastleManager	Initializing CastleManager
2021.02.20 11:54:30,147	INFO	1	ru.privetdruk.l2jspace.gameserver.instancemanager.CastleManager	Loaded: 9 castles
2021.02.20 11:54:30,794	INFO	1	ru.privetdruk.l2jspace.gameserver.instancemanager.FortManager	Initializing FortManager
2021.02.20 11:54:30,808	INFO	1	ru.privetdruk.l2jspace.gameserver.instancemanager.FortManager	Loaded: 21 fortress
2021.02.20 11:54:31,792	INFO	1	ru.privetdruk.l2jspace.gameserver.datatables.xml.ZoneData	ZoneData: Loaded 22 zones classes and total 1002 zones.
2021.02.20 11:54:31,792	INFO	1	ru.privetdruk.l2jspace.commons.util.Util	-----------------------------------------------=[ Spawnlist ]
2021.02.20 11:54:31,821	INFO	1	ru.privetdruk.l2jspace.gameserver.datatables.sql.FakePlayerTable	CustomNpcInstanceManager: loaded 0 NPC to PC polymorphs.
2021.02.20 11:54:31,963	INFO	1	ru.privetdruk.l2jspace.gameserver.model.entity.siege.Siege	Siege of Dion: Sat Feb 20 20:00:00 MSK 2021
2021.02.20 11:54:32,016	INFO	1	ru.privetdruk.l2jspace.gameserver.model.entity.siege.Siege	Siege of Oren: Sun Feb 21 16:00:00 MSK 2021
2021.02.20 11:54:32,305	INFO	1	ru.privetdruk.l2jspace.gameserver.model.entity.siege.Siege	Siege of Gludio: Sat Feb 20 20:00:00 MSK 2021
2021.02.20 11:54:32,308	INFO	1	ru.privetdruk.l2jspace.gameserver.model.entity.siege.Siege	Siege of Giran: Sun Feb 21 16:00:00 MSK 2021
2021.02.20 11:54:32,309	INFO	1	ru.privetdruk.l2jspace.gameserver.model.entity.siege.Siege	Siege of Innadril: Sun Feb 21 16:00:00 MSK 2021
2021.02.20 11:54:32,309	INFO	1	ru.privetdruk.l2jspace.gameserver.model.entity.siege.Siege	Siege of Aden: Sat Feb 20 20:00:00 MSK 2021
2021.02.20 11:54:32,374	INFO	1	ru.privetdruk.l2jspace.gameserver.model.entity.siege.Siege	Siege of Goddard: Sun Feb 21 16:00:00 MSK 2021
2021.02.20 11:54:32,391	INFO	1	ru.privetdruk.l2jspace.gameserver.model.entity.siege.Siege	Siege of Rune: Sat Feb 20 20:00:00 MSK 2021
2021.02.20 11:54:32,392	INFO	1	ru.privetdruk.l2jspace.gameserver.model.entity.siege.Siege	Siege of Schuttgart: Sat Feb 20 20:00:00 MSK 2021
2021.02.20 11:54:32,475	INFO	1	ru.privetdruk.l2jspace.gameserver.datatables.sql.SpawnTable	SpawnTable: Loaded 37502 Npc Spawn Locations. 
2021.02.20 11:54:32,475	INFO	1	ru.privetdruk.l2jspace.gameserver.datatables.sql.SpawnTable	SpawnTable: Total number of NPCs in the world: 37502
2021.02.20 11:54:32,475	INFO	1	ru.privetdruk.l2jspace.gameserver.datatables.sql.SpawnTable	CustomSpawnTable: Loaded 3 Npc Spawn Locations. 
2021.02.20 11:54:32,476	INFO	1	ru.privetdruk.l2jspace.gameserver.datatables.sql.SpawnTable	CustomSpawnTable: Total number of NPCs in the world: 3
2021.02.20 11:54:32,503	INFO	1	ru.privetdruk.l2jspace.gameserver.instancemanager.RaidBossSpawnManager	RaidBossSpawnManager: Loaded 186 instances.
2021.02.20 11:54:32,504	INFO	1	ru.privetdruk.l2jspace.gameserver.instancemanager.RaidBossSpawnManager	RaidBossSpawnManager: Scheduled 0 instances.
2021.02.20 11:54:32,507	INFO	1	ru.privetdruk.l2jspace.gameserver.instancemanager.DayNightSpawnManager	DayNightSpawnManager: Removed 0 night creatures
2021.02.20 11:54:32,509	INFO	1	ru.privetdruk.l2jspace.gameserver.instancemanager.DayNightSpawnManager	DayNightSpawnManager: Spawned 232 day creatures
2021.02.20 11:54:32,547	INFO	1	ru.privetdruk.l2jspace.commons.util.Util	----------------------------------------=[ Dimensional Rift ]
2021.02.20 11:54:32,549	INFO	1	ru.privetdruk.l2jspace.gameserver.instancemanager.DimensionalRiftManager	DimensionalRiftManager: Loaded 7 room types with 56 rooms.
2021.02.20 11:54:32,553	INFO	1	ru.privetdruk.l2jspace.gameserver.instancemanager.DimensionalRiftManager	DimensionalRiftManager: Loaded 462 dimensional rift spawns.
2021.02.20 11:54:32,553	INFO	1	ru.privetdruk.l2jspace.commons.util.Util	----------------------------------------------------=[ Misc ]
2021.02.20 11:54:32,611	INFO	1	ru.privetdruk.l2jspace.gameserver.datatables.xml.RecipeData	RecipeData: Loaded 871 recipes.
2021.02.20 11:54:32,614	INFO	1	ru.privetdruk.l2jspace.gameserver.datatables.xml.AugmentationData	Initializing AugmentationData.
2021.02.20 11:54:32,628	INFO	1	ru.privetdruk.l2jspace.gameserver.datatables.xml.AugmentationData	AugmentationData: Loaded 52 augmentation stats.
2021.02.20 11:54:32,631	INFO	1	ru.privetdruk.l2jspace.gameserver.model.entity.event.MonsterRace	MonsterRace: loaded 46 records, currently on race #47
2021.02.20 11:54:32,635	INFO	1	ru.privetdruk.l2jspace.gameserver.instancemanager.MercTicketManager	Initializing MercTicketManager
2021.02.20 11:54:32,636	INFO	1	ru.privetdruk.l2jspace.gameserver.instancemanager.MercTicketManager	Loaded: 0 Mercenary Tickets
2021.02.20 11:54:32,637	INFO	1	ru.privetdruk.l2jspace.gameserver.instancemanager.CursedWeaponsManager	Initializing CursedWeaponsManager.
2021.02.20 11:54:32,641	INFO	1	ru.privetdruk.l2jspace.gameserver.instancemanager.CursedWeaponsManager	Loaded: 2 cursed weapon(s).
2021.02.20 11:54:32,652	INFO	1	ru.privetdruk.l2jspace.commons.util.Util	---------------------------------------------------=[ Manor ]
2021.02.20 11:54:32,658	INFO	1	ru.privetdruk.l2jspace.gameserver.datatables.xml.ManorSeedData	ManorSeedData: Loaded 256 seeds.
2021.02.20 11:54:32,661	INFO	1	ru.privetdruk.l2jspace.commons.util.Util	-------------------------------------------------=[ Castles ]
2021.02.20 11:54:32,662	INFO	1	ru.privetdruk.l2jspace.gameserver.instancemanager.SiegeManager	Initializing SiegeManager
2021.02.20 11:54:32,664	INFO	1	ru.privetdruk.l2jspace.gameserver.instancemanager.FortSiegeManager	Initializing FortSiegeManager
2021.02.20 11:54:32,665	INFO	1	ru.privetdruk.l2jspace.commons.util.Util	----------------------------------------------------=[ Boat ]
2021.02.20 11:54:32,673	INFO	1	ru.privetdruk.l2jspace.gameserver.datatables.xml.BoatData	BoatData: Loaded 5 boats.
2021.02.20 11:54:32,673	INFO	1	ru.privetdruk.l2jspace.gameserver.datatables.xml.BoatData	BoatData: Loaded 9 paths.
2021.02.20 11:54:32,673	INFO	1	ru.privetdruk.l2jspace.commons.util.Util	---------------------------------------------------=[ Doors ]
2021.02.20 11:54:32,702	INFO	1	ru.privetdruk.l2jspace.gameserver.datatables.xml.DoorData	DoorData: Loaded 1001 doors.
2021.02.20 11:54:32,706	INFO	1	FenceData	FenceData: Loaded 1 Fences.
2021.02.20 11:54:32,706	INFO	1	ru.privetdruk.l2jspace.commons.util.Util	-----------------------------------------=[ Four Sepulchers ]
2021.02.20 11:54:32,708	INFO	1	ru.privetdruk.l2jspace.gameserver.instancemanager.GrandBossManager	GrandBossManager: Loaded 15 Instances
2021.02.20 11:54:32,728	INFO	1	ru.privetdruk.l2jspace.gameserver.instancemanager.GrandBossManager	FourSepulchersManager: Beginning in Cooldown time
2021.02.20 11:54:32,729	INFO	1	ru.privetdruk.l2jspace.commons.util.Util	---------------------------------------------=[ Seven Signs ]
2021.02.20 11:54:32,733	INFO	1	ru.privetdruk.l2jspace.gameserver.model.entity.sevensigns.SevenSigns	SevenSigns: Currently in the Competition (Quest Event) period!
2021.02.20 11:54:32,733	INFO	1	ru.privetdruk.l2jspace.gameserver.model.entity.sevensigns.SevenSigns	SevenSigns: The Seal of Avarice remains unclaimed.
2021.02.20 11:54:32,733	INFO	1	ru.privetdruk.l2jspace.gameserver.model.entity.sevensigns.SevenSigns	SevenSigns: The Seal of Gnosis remains unclaimed.
2021.02.20 11:54:32,733	INFO	1	ru.privetdruk.l2jspace.gameserver.model.entity.sevensigns.SevenSigns	SevenSigns: The Seal of Strife remains unclaimed.
2021.02.20 11:54:32,734	INFO	1	ru.privetdruk.l2jspace.gameserver.model.entity.sevensigns.SevenSigns	SevenSigns: The competition, if the current trend continues, will end in a tie this week.
2021.02.20 11:54:32,736	INFO	1	ru.privetdruk.l2jspace.gameserver.model.entity.sevensigns.SevenSigns	SevenSigns: Next period in 2 days, 6 hours and 5 mins.
2021.02.20 11:54:32,764	INFO	1	ru.privetdruk.l2jspace.gameserver.model.entity.sevensigns.SevenSignsFestival	SevenSignsFestival: The first Festival of Darkness cycle begins in 2 minute(s).
2021.02.20 11:54:32,765	INFO	1	ru.privetdruk.l2jspace.commons.util.Util	-----------------------------------------=[ Olympiad System ]
2021.02.20 11:54:32,766	INFO	1	ru.privetdruk.l2jspace.gameserver.model.entity.olympiad.Olympiad	Olympiad System: Loading Olympiad System....
2021.02.20 11:54:32,766	INFO	1	ru.privetdruk.l2jspace.gameserver.model.entity.olympiad.Olympiad	Olympiad System: Currently in Olympiad Period
2021.02.20 11:54:32,766	INFO	1	ru.privetdruk.l2jspace.gameserver.model.entity.olympiad.Olympiad	Olympiad System: 12965 minutes until period ends
2021.02.20 11:54:32,766	INFO	1	ru.privetdruk.l2jspace.gameserver.model.entity.olympiad.Olympiad	Olympiad System: Next weekly change is in 9254 minutes
2021.02.20 11:54:32,766	INFO	1	ru.privetdruk.l2jspace.gameserver.model.entity.olympiad.Olympiad	Olympiad System: Loaded 0 Nobles
2021.02.20 11:54:32,767	INFO	1	ru.privetdruk.l2jspace.gameserver.model.entity.olympiad.Olympiad	Olympiad System: Competition Period Starts in 0 days, 6 hours and 5 mins.
2021.02.20 11:54:32,767	INFO	1	ru.privetdruk.l2jspace.gameserver.model.entity.olympiad.Olympiad	Olympiad System: Event starts/started : Sat Feb 20 18:00:32 MSK 2021
2021.02.20 11:54:32,769	INFO	1	ru.privetdruk.l2jspace.gameserver.model.entity.Hero	Hero System: Loaded 0 Heroes.
2021.02.20 11:54:32,769	INFO	1	ru.privetdruk.l2jspace.gameserver.model.entity.Hero	Hero System: Loaded 0 all time Heroes.
2021.02.20 11:54:32,769	INFO	1	ru.privetdruk.l2jspace.commons.util.Util	-------------------------------------------=[ Access Levels ]
2021.02.20 11:54:32,773	INFO	1	ru.privetdruk.l2jspace.gameserver.datatables.xml.AdminData	AdminData: Loaded 7 access levels.
2021.02.20 11:54:32,778	INFO	1	ru.privetdruk.l2jspace.gameserver.datatables.xml.AdminData	AdminData: Loaded 483 access commands.
2021.02.20 11:54:32,778	INFO	1	ru.privetdruk.l2jspace.commons.util.Util	------------------------------------------------=[ Handlers ]
2021.02.20 11:54:32,796	INFO	1	ru.privetdruk.l2jspace.gameserver.handler.ItemHandler	ItemHandler: Loaded 2047 handlers.
2021.02.20 11:54:32,807	INFO	1	ru.privetdruk.l2jspace.gameserver.handler.SkillHandler	SkillHandler: Loaded 76 handlers.
2021.02.20 11:54:32,835	INFO	1	ru.privetdruk.l2jspace.gameserver.handler.AdminCommandHandler	AdminCommandHandler: Loaded 493 handlers.
2021.02.20 11:54:32,840	INFO	1	ru.privetdruk.l2jspace.gameserver.handler.UserCommandHandler	UserCommandHandler: Loaded 16 handlers.
2021.02.20 11:54:32,842	INFO	1	ru.privetdruk.l2jspace.gameserver.handler.VoicedCommandHandler	VoicedCommandHandler: Loaded 10 handlers.
2021.02.20 11:54:32,842	INFO	1	ru.privetdruk.l2jspace.gameserver.GameServer	AutoChatHandler: Loaded 32 handlers in total.
2021.02.20 11:54:32,842	INFO	1	ru.privetdruk.l2jspace.gameserver.GameServer	AutoSpawnHandler: Loaded 129 handlers in total.
2021.02.20 11:54:32,843	INFO	1	ru.privetdruk.l2jspace.commons.util.Util	-------------------------------------------------=[ Scripts ]
2021.02.20 11:54:32,843	INFO	1	ru.privetdruk.l2jspace.gameserver.GameServer	ScriptEngineManager: Loading server scripts:
2021.02.20 11:54:36,688	INFO	1	ru.privetdruk.l2jspace.gameserver.instancemanager.GrandBossManager	Updated High Priestess van Halter(29062) status to 1
2021.02.20 11:54:36,897	INFO	1	ru.privetdruk.l2jspace.commons.util.Util	--------------------------------------------------=[ Quests ]
2021.02.20 11:54:36,897	INFO	1	ru.privetdruk.l2jspace.gameserver.instancemanager.QuestManager	Loaded: 342 quest scripts.
2021.02.20 11:54:36,897	INFO	1	ru.privetdruk.l2jspace.commons.util.Util	---------------------------------------------=[ Game Server ]
2021.02.20 11:54:36,897	INFO	1	ru.privetdruk.l2jspace.gameserver.GameServer	IdFactory: Free ObjectID's remaining: 1879005981
2021.02.20 11:54:36,898	INFO	1	ru.privetdruk.l2jspace.commons.util.Util	--------------------------------------------=[ EventManager ]
2021.02.20 11:54:36,899	INFO	1	ru.privetdruk.l2jspace.gameserver.GameServer	All events are Disabled.
2021.02.20 11:54:36,899	INFO	1	ru.privetdruk.l2jspace.gameserver.datatables.OfflineTradeTable	Loading offline traders...
2021.02.20 11:54:36,900	INFO	1	ru.privetdruk.l2jspace.gameserver.datatables.OfflineTradeTable	Loaded 0 offline traders.
2021.02.20 11:54:36,900	INFO	1	ru.privetdruk.l2jspace.commons.util.Util	----------------------------------------------=[ Protection ]
2021.02.20 11:54:36,900	INFO	1	ru.privetdruk.l2jspace.gameserver.GameServer	Check skills on enter actived.
2021.02.20 11:54:36,900	INFO	1	ru.privetdruk.l2jspace.gameserver.GameServer	Check bad name on enter actived.
2021.02.20 11:54:36,900	INFO	1	ru.privetdruk.l2jspace.gameserver.GameServer	Check OverEnchant items on enter actived.
2021.02.20 11:54:36,900	INFO	1	ru.privetdruk.l2jspace.gameserver.GameServer	Bypass Validation actived.
2021.02.20 11:54:36,912	INFO	1	ru.privetdruk.l2jspace.commons.util.Util	----------------------------------------------------=[ Info ]
2021.02.20 11:54:36,913	INFO	1	ru.privetdruk.l2jspace.gameserver.GameServer	Maximum Numbers of Connected Players: 2000
2021.02.20 11:54:36,914	INFO	1	ru.privetdruk.l2jspace.gameserver.GameServer	GameServer Started, free memory 7670 Mb of 8104 Mb
2021.02.20 11:54:36,914	INFO	1	ru.privetdruk.l2jspace.gameserver.GameServer	Used memory: 433 MB
2021.02.20 11:54:36,915	INFO	1	ru.privetdruk.l2jspace.commons.util.Util	--------------------------------------------------=[ Status ]
2021.02.20 11:54:36,915	INFO	1	ru.privetdruk.l2jspace.gameserver.GameServer	Server Loaded in 9 seconds.
2021.02.20 11:54:36,915	INFO	1	ru.privetdruk.l2jspace.commons.util.Util	--------------------------------------------------=[ Telnet ]
2021.02.20 11:54:36,915	INFO	1	ru.privetdruk.l2jspace.gameserver.GameServer	Telnet server is disabled.
2021.02.20 11:54:36,915	INFO	1	ru.privetdruk.l2jspace.commons.util.Util	---------------------------------------------------=[ Login ]
2021.02.20 11:54:36,923	INFO	319	ru.privetdruk.l2jspace.gameserver.LoginServerThread	Connecting to login on 127.0.0.1:9014
2021.02.20 11:54:36,961	INFO	319	ru.privetdruk.l2jspace.gameserver.LoginServerThread	Registered on login as Server 2 : Sieghardt
2021.02.20 11:55:03,746	WARNING	29	ru.privetdruk.l2jspace.gameserver.Shutdown	Server issued shutdown command. SIGTERM in 1 seconds!
2021.02.20 11:55:04,749	WARNING	324	ru.privetdruk.l2jspace.gameserver.Shutdown	GM shutdown countdown is over. shutting down NOW!
2021.02.20 11:55:04,750	INFO	324	ru.privetdruk.l2jspace.gameserver.Shutdown	GM shutdown received. Shutting down NOW!
2021.02.20 11:55:04,752	INFO	324	ru.privetdruk.l2jspace.gameserver.datatables.OfflineTradeTable	Offline traders stored.
2021.02.20 11:55:04,753	INFO	324	ru.privetdruk.l2jspace.gameserver.Shutdown	Disconnecting all players from the Server...
2021.02.20 11:55:04,753	INFO	324	ru.privetdruk.l2jspace.gameserver.Shutdown	Saving all players data...
2021.02.20 11:55:04,760	INFO	324	ru.privetdruk.l2jspace.gameserver.Shutdown	SevenSigns: All info saved!!
2021.02.20 11:55:04,802	INFO	324	ru.privetdruk.l2jspace.gameserver.Shutdown	RaidBossSpawnManager: All raidboss info saved!!
2021.02.20 11:55:04,803	INFO	324	ru.privetdruk.l2jspace.gameserver.Shutdown	GrandBossManager: All Grand Boss info saved!!
2021.02.20 11:55:04,804	INFO	324	ru.privetdruk.l2jspace.gameserver.Shutdown	TradeController: All count Item Saved!!
2021.02.20 11:55:04,804	INFO	324	ru.privetdruk.l2jspace.gameserver.Shutdown	Olympiad System: Data saved!!
2021.02.20 11:55:04,806	INFO	324	ru.privetdruk.l2jspace.gameserver.Shutdown	Fishing Championship data have been saved!!
2021.02.20 11:55:04,807	INFO	324	ru.privetdruk.l2jspace.gameserver.Shutdown	BufferTable data has been saved!!
2021.02.20 11:55:04,814	INFO	324	ru.privetdruk.l2jspace.gameserver.instancemanager.GlobalVariablesManager	GlobalVariablesManager: Stored 2 variables.
2021.02.20 11:55:04,814	INFO	324	ru.privetdruk.l2jspace.gameserver.Shutdown	Global Variables Manager: Variables have been saved!!
2021.02.20 11:55:09,816	INFO	324	ru.privetdruk.l2jspace.commons.concurrent.ThreadPool	ThreadPool: Shutting down.
2021.02.20 11:55:09,826	INFO	324	ru.privetdruk.l2jspace.gameserver.Shutdown	Committing all data, last chance...
2021.02.20 11:55:09,850	INFO	324	ru.privetdruk.l2jspace.gameserver.Shutdown	All database data committed.
2021.02.20 11:55:09,851	INFO	324	ru.privetdruk.l2jspace.gameserver.Shutdown	[STATUS] Server shutdown successfully.
