2021.01.25 19:27:25,050	INFO	1	ru.privetdruk.l2jspace.commons.util.Util	------------------------------------------------=[ Database ]
2021.01.25 19:27:25,272	INFO	1	ru.privetdruk.l2jspace.commons.database.DatabaseFactory	Database: Initialized.
2021.01.25 19:27:25,272	INFO	1	ru.privetdruk.l2jspace.commons.util.Util	----------------------------------------------=[ ThreadPool ]
2021.01.25 19:27:25,295	INFO	1	ru.privetdruk.l2jspace.commons.concurrent.ThreadPool	ThreadPool: Initialized
2021.01.25 19:27:25,295	INFO	1	ru.privetdruk.l2jspace.commons.concurrent.ThreadPool	...scheduled pool executor with 160 total threads.
2021.01.25 19:27:25,295	INFO	1	ru.privetdruk.l2jspace.commons.concurrent.ThreadPool	...instant pool executor with 120 total threads.
2021.01.25 19:27:25,296	INFO	1	ru.privetdruk.l2jspace.commons.util.Util	-----------------------------------------------=[ IdManager ]
2021.01.25 19:27:25,298	INFO	1	ru.privetdruk.l2jspace.gameserver.instancemanager.IdManager	Updated characters online status.
2021.01.25 19:27:25,307	INFO	1	ru.privetdruk.l2jspace.gameserver.instancemanager.IdManager	IdManager: Cleaned 0 elements from database in 0 seconds.
2021.01.25 19:27:25,310	INFO	1	ru.privetdruk.l2jspace.gameserver.instancemanager.IdManager	IdManager: Cleaned 0 expired timestamps from database.
2021.01.25 19:27:25,313	INFO	1	ru.privetdruk.l2jspace.gameserver.instancemanager.IdManager	IdManager: 102912 id's available.
2021.01.25 19:27:25,315	INFO	1	ru.privetdruk.l2jspace.gameserver.cache.HtmCache	Cache[HTML]: Running lazy cache
2021.01.25 19:27:25,318	INFO	1	ru.privetdruk.l2jspace.gameserver.cache.CrestCache	Cache[Crest]: 0,000MB on 0 files loaded.
2021.01.25 19:27:25,440	INFO	1	ru.privetdruk.l2jspace.gameserver.scripting.ScriptEngineManager	Loaded 1 files to exclude.
2021.01.25 19:27:25,440	INFO	1	ru.privetdruk.l2jspace.commons.util.Util	---------------------------------------------------=[ World ]
2021.01.25 19:27:25,443	INFO	1	ru.privetdruk.l2jspace.gameserver.model.World	World: Setting up World Regions
2021.01.25 19:27:25,462	INFO	1	ru.privetdruk.l2jspace.gameserver.model.World	World: (88x128) World Region Grid set up.
2021.01.25 19:27:25,494	INFO	1	ru.privetdruk.l2jspace.gameserver.model.entity.Announcements	Announcements: Loaded 2 Announcements.
2021.01.25 19:27:25,503	INFO	1	ru.privetdruk.l2jspace.gameserver.handler.AutoAnnouncementHandler	GameServer: Loaded 0 Auto Announcements.
2021.01.25 19:27:25,507	INFO	1	ru.privetdruk.l2jspace.gameserver.instancemanager.GlobalVariablesManager	GlobalVariablesManager: Loaded 2 variables.
2021.01.25 19:27:25,527	INFO	1	ru.privetdruk.l2jspace.commons.util.IXmlReader	StaticObjectData: Loaded 29 static objects.
2021.01.25 19:27:25,536	INFO	1	ru.privetdruk.l2jspace.gameserver.datatables.sql.TeleportLocationTable	TeleportLocationTable: Loaded 828 Teleport Location Templates
2021.01.25 19:27:25,550	INFO	1	ru.privetdruk.l2jspace.gameserver.datatables.xml.ExperienceData	ExperienceData: Loaded 87 levels
2021.01.25 19:27:25,550	INFO	1	ru.privetdruk.l2jspace.gameserver.datatables.xml.ExperienceData	ExperienceData: Max Player Level is: 80
2021.01.25 19:27:25,551	INFO	1	ru.privetdruk.l2jspace.gameserver.datatables.xml.ExperienceData	ExperienceData: Max Pet Level is: 80
2021.01.25 19:27:25,552	INFO	1	ru.privetdruk.l2jspace.gameserver.instancemanager.DuelManager	Initializing DuelManager
2021.01.25 19:27:25,553	INFO	1	ru.privetdruk.l2jspace.commons.util.Util	-------------------------------------------------=[ Players ]
2021.01.25 19:27:25,602	INFO	1	ru.privetdruk.l2jspace.commons.util.IXmlReader	PlayerTemplateData: Loaded 89 player templates.
2021.01.25 19:27:25,608	INFO	1	ru.privetdruk.l2jspace.gameserver.datatables.sql.ClanTable	Restored 0 clans from the database.
2021.01.25 19:27:25,616	INFO	1	ru.privetdruk.l2jspace.gameserver.communitybbs.Manager.BaseBBSManager	Loaded 4 forums. Last forum id used: 4
2021.01.25 19:27:25,616	INFO	1	ru.privetdruk.l2jspace.commons.util.Util	--------------------------------------------------=[ Skills ]
2021.01.25 19:27:25,766	INFO	1	ru.privetdruk.l2jspace.gameserver.datatables.sql.SkillTreeTable	SkillTreeTable: Loaded 13851 skills.
2021.01.25 19:27:25,794	INFO	1	ru.privetdruk.l2jspace.gameserver.datatables.sql.SkillTreeTable	FishingSkillTreeTable: Loaded 109 general skills.
2021.01.25 19:27:25,795	INFO	1	ru.privetdruk.l2jspace.gameserver.datatables.sql.SkillTreeTable	FishingSkillTreeTable: Loaded 8 dwarven skills.
2021.01.25 19:27:25,797	INFO	1	ru.privetdruk.l2jspace.gameserver.datatables.sql.SkillTreeTable	EnchantSkillTreeTable: Loaded 14520 enchant skills.
2021.01.25 19:27:25,797	INFO	1	ru.privetdruk.l2jspace.gameserver.datatables.sql.SkillTreeTable	PledgeSkillTreeTable: Loaded 64 pledge skills.
2021.01.25 19:27:26,490	INFO	1	ru.privetdruk.l2jspace.gameserver.engines.DocumentEngine	SkillsEngine: Loaded 30518 skill templates.
2021.01.25 19:27:26,494	INFO	1	ru.privetdruk.l2jspace.gameserver.datatables.sql.SkillSpellbookTable	SkillSpellbookTable: Loaded 334 spellbooks
2021.01.25 19:27:26,499	INFO	1	ru.privetdruk.l2jspace.gameserver.datatables.sql.HelperBuffTable	HelperBuffTable: Loaded 14 templates.
2021.01.25 19:27:26,499	INFO	1	ru.privetdruk.l2jspace.gameserver.GameServer	Skills: All skills loaded.
2021.01.25 19:27:26,499	INFO	1	ru.privetdruk.l2jspace.commons.util.Util	---------------------------------------------------=[ Items ]
2021.01.25 19:27:26,814	INFO	1	ru.privetdruk.l2jspace.gameserver.datatables.ItemTable	Highest item id used: 9208
2021.01.25 19:27:26,828	WARNING	1	ru.privetdruk.l2jspace.commons.util.IXmlReader	Could not parse file: ArmorSets.xml at line: 4, column: 52 :
2021.01.25 19:27:26,869	INFO	1	ru.privetdruk.l2jspace.commons.util.IXmlReader	ExtractableItemData: Loaded 334 extractable items.
2021.01.25 19:27:26,876	INFO	1	ru.privetdruk.l2jspace.commons.util.IXmlReader	SummonItemData: Loaded 14 summon items.
2021.01.25 19:27:26,887	INFO	1	ru.privetdruk.l2jspace.commons.util.IXmlReader	HennaData: Loaded 180 hennas.
2021.01.25 19:27:26,899	INFO	1	ru.privetdruk.l2jspace.commons.util.IXmlReader	FishData: Loaded 270 fish.
2021.01.25 19:27:26,900	INFO	1	ru.privetdruk.l2jspace.commons.util.Util	-----------------------------------------------------=[ Npc ]
2021.01.25 19:27:26,922	INFO	1	ru.privetdruk.l2jspace.gameserver.datatables.SchemeBufferTable	SchemeBufferTable: Loaded 0 players schemes and 60 available buffs.
2021.01.25 19:27:26,934	INFO	1	ru.privetdruk.l2jspace.gameserver.datatables.xml.WalkerRouteData	WalkerRouteData: Loaded 12 walker routes.
2021.01.25 19:27:27,044	INFO	1	ru.privetdruk.l2jspace.gameserver.datatables.sql.NpcTable	NpcTable: Loaded 6594 Npc Templates.
2021.01.25 19:27:27,047	INFO	1	ru.privetdruk.l2jspace.gameserver.datatables.sql.NpcTable	NpcTable: Loaded 6603 Npc Templates.
2021.01.25 19:27:27,068	INFO	1	ru.privetdruk.l2jspace.gameserver.datatables.sql.NpcTable	CustomDropList : Added 0 custom droplist
2021.01.25 19:27:27,111	INFO	1	ru.privetdruk.l2jspace.gameserver.datatables.sql.NpcTable	NpcTable: Loaded 451 Minions.
2021.01.25 19:27:27,112	INFO	1	ru.privetdruk.l2jspace.commons.util.Util	-------------------------------------------------=[ Geodata ]
2021.01.25 19:27:27,115	INFO	1	ru.privetdruk.l2jspace.gameserver.geoengine.GeoEngine	GeoEngine: Initializing...
2021.01.25 19:27:27,230	INFO	1	ru.privetdruk.l2jspace.gameserver.geoengine.GeoEngine	GeoEngine: Loaded 0 geodata files.
2021.01.25 19:27:27,230	INFO	1	ru.privetdruk.l2jspace.gameserver.geoengine.GeoEngine	GeoEngine: Forcing PathFinding setting to false.
2021.01.25 19:27:27,230	INFO	1	ru.privetdruk.l2jspace.gameserver.geoengine.GeoEngine	GeoEngine: Forcing CoordSynchronize setting to -1.
2021.01.25 19:27:27,327	INFO	1	ru.privetdruk.l2jspace.gameserver.geoengine.GeoEngine	GeoEnginePathfinding: Loaded 32 node buffers.
2021.01.25 19:27:27,328	INFO	1	ru.privetdruk.l2jspace.commons.util.Util	-------------------------------------------------=[ Economy ]
2021.01.25 19:27:27,462	INFO	1	ru.privetdruk.l2jspace.gameserver.TradeController	TradeController: Loaded 508 Buylists.
2021.01.25 19:27:27,463	INFO	1	ru.privetdruk.l2jspace.gameserver.TradeController	TradeController: Loaded 132 Limited Buylists.
2021.01.25 19:27:27,468	INFO	1	ru.privetdruk.l2jspace.gameserver.TradeController	TradeController: Loaded 0 Custom Buylists.
2021.01.25 19:27:27,651	INFO	1	ru.privetdruk.l2jspace.gameserver.datatables.xml.MultisellData	Multisell: Loaded 148 Multisells.
2021.01.25 19:27:27,652	INFO	1	ru.privetdruk.l2jspace.commons.util.Util	----------------------------------------------=[ Clan Halls ]
2021.01.25 19:27:27,654	INFO	1	ru.privetdruk.l2jspace.gameserver.instancemanager.ClanHallManager	Initializing ClanHallManager
2021.01.25 19:27:27,693	INFO	1	ru.privetdruk.l2jspace.gameserver.instancemanager.ClanHallManager	Loaded: 0 clan halls
2021.01.25 19:27:27,694	INFO	1	ru.privetdruk.l2jspace.gameserver.instancemanager.ClanHallManager	Loaded: 44 free clan halls
2021.01.25 19:27:27,696	INFO	1	ru.privetdruk.l2jspace.gameserver.model.entity.siege.clanhalls.FortressOfResistance	Fortress of Resistanse: siege will start the 2021/01/29 21:00
2021.01.25 19:27:27,698	INFO	1	ru.privetdruk.l2jspace.gameserver.model.entity.siege.clanhalls.DevastatedCastle	Devastated Castle: siege will start the 2021/02/01 18:00
2021.01.25 19:27:27,702	INFO	1	ru.privetdruk.l2jspace.gameserver.model.entity.siege.clanhalls.BanditStrongholdSiege	SiegeManager of Bandits Stronghold
2021.01.25 19:27:27,704	INFO	1	ru.privetdruk.l2jspace.gameserver.instancemanager.AuctionManager	Initializing AuctionManager
2021.01.25 19:27:27,714	INFO	1	ru.privetdruk.l2jspace.gameserver.instancemanager.AuctionManager	Loaded: 38 auction(s)
2021.01.25 19:27:27,714	INFO	1	ru.privetdruk.l2jspace.commons.util.Util	----------------------------------------------------=[ Zone ]
2021.01.25 19:27:27,730	INFO	1	ru.privetdruk.l2jspace.gameserver.datatables.xml.ZoneData	ZoneData: Loading zones...
2021.01.25 19:27:27,756	INFO	1	ru.privetdruk.l2jspace.gameserver.instancemanager.GrandBossManager	GrandBossManager: Loaded 15 Instances
2021.01.25 19:27:27,818	INFO	1	ru.privetdruk.l2jspace.gameserver.instancemanager.CastleManager	Initializing CastleManager
2021.01.25 19:27:27,829	INFO	1	ru.privetdruk.l2jspace.gameserver.instancemanager.CastleManager	Loaded: 9 castles
2021.01.25 19:27:28,455	INFO	1	ru.privetdruk.l2jspace.gameserver.instancemanager.FortManager	Initializing FortManager
2021.01.25 19:27:28,469	INFO	1	ru.privetdruk.l2jspace.gameserver.instancemanager.FortManager	Loaded: 21 fortress
2021.01.25 19:27:29,443	INFO	1	ru.privetdruk.l2jspace.gameserver.datatables.xml.ZoneData	ZoneData: Loaded 22 zones classes and total 1002 zones.
2021.01.25 19:27:29,443	INFO	1	ru.privetdruk.l2jspace.commons.util.Util	-----------------------------------------------=[ Spawnlist ]
2021.01.25 19:27:29,482	INFO	1	ru.privetdruk.l2jspace.gameserver.datatables.sql.FakePlayerTable	CustomNpcInstanceManager: loaded 0 NPC to PC polymorphs.
2021.01.25 19:27:29,674	INFO	1	ru.privetdruk.l2jspace.gameserver.model.entity.siege.Siege	Siege of Dion: Sat Feb 06 20:00:00 MSK 2021
2021.01.25 19:27:29,732	INFO	1	ru.privetdruk.l2jspace.gameserver.model.entity.siege.Siege	Siege of Oren: Sun Feb 07 16:00:00 MSK 2021
2021.01.25 19:27:30,415	INFO	1	ru.privetdruk.l2jspace.gameserver.model.entity.siege.Siege	Siege of Gludio: Sat Feb 06 20:00:00 MSK 2021
2021.01.25 19:27:30,421	INFO	1	ru.privetdruk.l2jspace.gameserver.model.entity.siege.Siege	Siege of Giran: Sun Feb 07 16:00:00 MSK 2021
2021.01.25 19:27:30,422	INFO	1	ru.privetdruk.l2jspace.gameserver.model.entity.siege.Siege	Siege of Innadril: Sun Feb 07 16:00:00 MSK 2021
2021.01.25 19:27:30,422	INFO	1	ru.privetdruk.l2jspace.gameserver.model.entity.siege.Siege	Siege of Aden: Sat Feb 06 20:00:00 MSK 2021
2021.01.25 19:27:30,486	INFO	1	ru.privetdruk.l2jspace.gameserver.model.entity.siege.Siege	Siege of Goddard: Sun Feb 07 16:00:00 MSK 2021
2021.01.25 19:27:30,509	INFO	1	ru.privetdruk.l2jspace.gameserver.model.entity.siege.Siege	Siege of Rune: Sat Feb 06 20:00:00 MSK 2021
2021.01.25 19:27:30,510	INFO	1	ru.privetdruk.l2jspace.gameserver.model.entity.siege.Siege	Siege of Schuttgart: Sat Feb 06 20:00:00 MSK 2021
2021.01.25 19:27:30,673	INFO	1	ru.privetdruk.l2jspace.gameserver.datatables.sql.SpawnTable	SpawnTable: Loaded 37503 Npc Spawn Locations.
2021.01.25 19:27:30,673	INFO	1	ru.privetdruk.l2jspace.gameserver.datatables.sql.SpawnTable	SpawnTable: Total number of NPCs in the world: 37503
2021.01.25 19:27:30,673	INFO	1	ru.privetdruk.l2jspace.gameserver.datatables.sql.SpawnTable	CustomSpawnTable: Loaded 0 Npc Spawn Locations.
2021.01.25 19:27:30,674	INFO	1	ru.privetdruk.l2jspace.gameserver.datatables.sql.SpawnTable	CustomSpawnTable: Total number of NPCs in the world: 0
2021.01.25 19:27:30,729	INFO	1	ru.privetdruk.l2jspace.gameserver.instancemanager.RaidBossSpawnManager	RaidBossSpawnManager: Loaded 186 instances.
2021.01.25 19:27:30,729	INFO	1	ru.privetdruk.l2jspace.gameserver.instancemanager.RaidBossSpawnManager	RaidBossSpawnManager: Scheduled 0 instances.
2021.01.25 19:27:30,735	INFO	1	ru.privetdruk.l2jspace.gameserver.instancemanager.DayNightSpawnManager	DayNightSpawnManager: Removed 0 night creatures
2021.01.25 19:27:30,742	INFO	1	ru.privetdruk.l2jspace.gameserver.instancemanager.DayNightSpawnManager	DayNightSpawnManager: Spawned 232 day creatures
2021.01.25 19:27:30,797	INFO	1	ru.privetdruk.l2jspace.commons.util.Util	----------------------------------------=[ Dimensional Rift ]
2021.01.25 19:27:30,804	INFO	1	ru.privetdruk.l2jspace.gameserver.instancemanager.DimensionalRiftManager	DimensionalRiftManager: Loaded 7 room types with 56 rooms.
2021.01.25 19:27:30,814	INFO	1	ru.privetdruk.l2jspace.gameserver.instancemanager.DimensionalRiftManager	DimensionalRiftManager: Loaded 462 dimensional rift spawns.
2021.01.25 19:27:30,814	INFO	1	ru.privetdruk.l2jspace.commons.util.Util	----------------------------------------------------=[ Misc ]
2021.01.25 19:27:30,910	INFO	1	ru.privetdruk.l2jspace.gameserver.datatables.xml.RecipeData	RecipeData: Loaded 871 recipes.
2021.01.25 19:27:30,920	INFO	1	ru.privetdruk.l2jspace.gameserver.datatables.xml.AugmentationData	Initializing AugmentationData.
2021.01.25 19:27:30,961	INFO	1	ru.privetdruk.l2jspace.gameserver.datatables.xml.AugmentationData	AugmentationData: Loaded 52 augmentation stats.
2021.01.25 19:27:30,968	INFO	1	ru.privetdruk.l2jspace.gameserver.model.entity.event.MonsterRace	MonsterRace: loaded 0 records, currently on race #1
2021.01.25 19:27:30,984	INFO	1	ru.privetdruk.l2jspace.gameserver.instancemanager.MercTicketManager	Initializing MercTicketManager
2021.01.25 19:27:30,986	INFO	1	ru.privetdruk.l2jspace.gameserver.instancemanager.MercTicketManager	Loaded: 0 Mercenary Tickets
2021.01.25 19:27:30,995	INFO	1	ru.privetdruk.l2jspace.gameserver.instancemanager.CursedWeaponsManager	Initializing CursedWeaponsManager.
2021.01.25 19:27:31,003	INFO	1	ru.privetdruk.l2jspace.gameserver.instancemanager.CursedWeaponsManager	Loaded: 2 cursed weapon(s).
2021.01.25 19:27:31,032	INFO	1	ru.privetdruk.l2jspace.commons.util.Util	---------------------------------------------------=[ Manor ]
2021.01.25 19:27:31,044	INFO	1	ru.privetdruk.l2jspace.gameserver.datatables.xml.ManorSeedData	ManorSeedData: Loaded 256 seeds.
2021.01.25 19:27:31,053	INFO	1	ru.privetdruk.l2jspace.commons.util.Util	-------------------------------------------------=[ Castles ]
2021.01.25 19:27:31,057	INFO	1	ru.privetdruk.l2jspace.gameserver.instancemanager.SiegeManager	Initializing SiegeManager
2021.01.25 19:27:31,077	INFO	1	ru.privetdruk.l2jspace.gameserver.instancemanager.FortSiegeManager	Initializing FortSiegeManager
2021.01.25 19:27:31,091	INFO	1	ru.privetdruk.l2jspace.commons.util.Util	----------------------------------------------------=[ Boat ]
2021.01.25 19:27:31,109	INFO	1	ru.privetdruk.l2jspace.gameserver.datatables.xml.BoatData	BoatData: Loaded 5 boats.
2021.01.25 19:27:31,109	INFO	1	ru.privetdruk.l2jspace.gameserver.datatables.xml.BoatData	BoatData: Loaded 9 paths.
2021.01.25 19:27:31,109	INFO	1	ru.privetdruk.l2jspace.commons.util.Util	---------------------------------------------------=[ Doors ]
2021.01.25 19:27:31,147	INFO	1	ru.privetdruk.l2jspace.gameserver.datatables.xml.DoorData	DoorData: Loaded 1001 doors.
2021.01.25 19:27:31,156	INFO	1	FenceData	FenceData: Loaded 1 Fences.
2021.01.25 19:27:31,156	INFO	1	ru.privetdruk.l2jspace.commons.util.Util	-----------------------------------------=[ Four Sepulchers ]
2021.01.25 19:27:31,161	INFO	1	ru.privetdruk.l2jspace.gameserver.instancemanager.GrandBossManager	GrandBossManager: Loaded 15 Instances
2021.01.25 19:27:31,188	INFO	1	ru.privetdruk.l2jspace.gameserver.instancemanager.GrandBossManager	FourSepulchersManager: Beginning in Attack time
2021.01.25 19:27:31,188	INFO	1	ru.privetdruk.l2jspace.commons.util.Util	---------------------------------------------=[ Seven Signs ]
2021.01.25 19:27:31,192	INFO	1	ru.privetdruk.l2jspace.gameserver.model.entity.sevensigns.SevenSigns	SevenSigns: Currently in the Competition (Quest Event) period!
2021.01.25 19:27:31,193	INFO	1	ru.privetdruk.l2jspace.gameserver.model.entity.sevensigns.SevenSigns	SevenSigns: The Seal of Avarice remains unclaimed.
2021.01.25 19:27:31,193	INFO	1	ru.privetdruk.l2jspace.gameserver.model.entity.sevensigns.SevenSigns	SevenSigns: The Seal of Gnosis remains unclaimed.
2021.01.25 19:27:31,193	INFO	1	ru.privetdruk.l2jspace.gameserver.model.entity.sevensigns.SevenSigns	SevenSigns: The Seal of Strife remains unclaimed.
2021.01.25 19:27:31,193	INFO	1	ru.privetdruk.l2jspace.gameserver.model.entity.sevensigns.SevenSigns	SevenSigns: The competition, if the current trend continues, will end in a tie this week.
2021.01.25 19:27:31,196	INFO	1	ru.privetdruk.l2jspace.gameserver.model.entity.sevensigns.SevenSigns	SevenSigns: Next period in 6 days, 22 hours and 32 mins.
2021.01.25 19:27:31,227	INFO	1	ru.privetdruk.l2jspace.gameserver.model.entity.sevensigns.SevenSignsFestival	SevenSignsFestival: The first Festival of Darkness cycle begins in 2 minute(s).
2021.01.25 19:27:31,227	INFO	1	ru.privetdruk.l2jspace.commons.util.Util	-----------------------------------------=[ Olympiad System ]
2021.01.25 19:27:31,229	INFO	1	ru.privetdruk.l2jspace.gameserver.model.entity.olympiad.Olympiad	Olympiad System: Loading Olympiad System....
2021.01.25 19:27:31,230	INFO	1	ru.privetdruk.l2jspace.gameserver.model.entity.olympiad.Olympiad	Olympiad System: Currently in Olympiad Period
2021.01.25 19:27:31,230	INFO	1	ru.privetdruk.l2jspace.gameserver.model.entity.olympiad.Olympiad	Olympiad System: 9632 minutes until period ends
2021.01.25 19:27:31,230	INFO	1	ru.privetdruk.l2jspace.gameserver.model.entity.olympiad.Olympiad	Olympiad System: Next weekly change is in 9987 minutes
2021.01.25 19:27:31,230	INFO	1	ru.privetdruk.l2jspace.gameserver.model.entity.olympiad.Olympiad	Olympiad System: Loaded 0 Nobles
2021.01.25 19:27:31,232	INFO	1	ru.privetdruk.l2jspace.gameserver.model.entity.olympiad.Olympiad	Olympiad System: Competition Period Starts in 0 days, 0 hours and 0 mins.
2021.01.25 19:27:31,232	INFO	1	ru.privetdruk.l2jspace.gameserver.model.entity.olympiad.Olympiad	Olympiad System: Event starts/started : Mon Jan 25 18:00:31 MSK 2021
2021.01.25 19:27:31,237	INFO	1	ru.privetdruk.l2jspace.gameserver.model.entity.Hero	Hero System: Loaded 0 Heroes.
2021.01.25 19:27:31,237	INFO	1	ru.privetdruk.l2jspace.gameserver.model.entity.Hero	Hero System: Loaded 0 all time Heroes.
2021.01.25 19:27:31,238	INFO	1	ru.privetdruk.l2jspace.commons.util.Util	-------------------------------------------=[ Access Levels ]
2021.01.25 19:27:31,247	INFO	69	ru.privetdruk.l2jspace.gameserver.model.entity.olympiad.Olympiad	Olympiad System: Olympiad Game Started
2021.01.25 19:27:31,247	INFO	1	ru.privetdruk.l2jspace.gameserver.datatables.xml.AdminData	AdminData: Loaded 7 access levels.
2021.01.25 19:27:31,258	INFO	1	ru.privetdruk.l2jspace.gameserver.datatables.xml.AdminData	AdminData: Loaded 483 access commands.
2021.01.25 19:27:31,258	INFO	1	ru.privetdruk.l2jspace.commons.util.Util	------------------------------------------------=[ Handlers ]
2021.01.25 19:27:31,296	INFO	1	ru.privetdruk.l2jspace.gameserver.handler.ItemHandler	ItemHandler: Loaded 2047 handlers.
2021.01.25 19:27:31,319	INFO	1	ru.privetdruk.l2jspace.gameserver.handler.SkillHandler	SkillHandler: Loaded 76 handlers.
2021.01.25 19:27:31,378	INFO	1	ru.privetdruk.l2jspace.gameserver.handler.AdminCommandHandler	AdminCommandHandler: Loaded 493 handlers.
2021.01.25 19:27:31,389	INFO	1	ru.privetdruk.l2jspace.gameserver.handler.UserCommandHandler	UserCommandHandler: Loaded 16 handlers.
2021.01.25 19:27:31,395	INFO	1	ru.privetdruk.l2jspace.gameserver.handler.VoicedCommandHandler	VoicedCommandHandler: Loaded 10 handlers.
2021.01.25 19:27:31,395	INFO	1	ru.privetdruk.l2jspace.gameserver.GameServer	AutoChatHandler: Loaded 32 handlers in total.
2021.01.25 19:27:31,395	INFO	1	ru.privetdruk.l2jspace.gameserver.GameServer	AutoSpawnHandler: Loaded 129 handlers in total.
2021.01.25 19:27:31,398	INFO	1	ru.privetdruk.l2jspace.commons.util.Util	-------------------------------------------------=[ Scripts ]
2021.01.25 19:27:31,398	INFO	1	ru.privetdruk.l2jspace.gameserver.GameServer	ScriptEngineManager: Loading server scripts:
2021.01.25 19:27:38,842	INFO	1	ru.privetdruk.l2jspace.gameserver.instancemanager.GrandBossManager	Updated High Priestess van Halter(29062) status to 1
2021.01.25 19:27:39,096	INFO	1	ru.privetdruk.l2jspace.commons.util.Util	--------------------------------------------------=[ Quests ]
2021.01.25 19:27:39,097	INFO	1	ru.privetdruk.l2jspace.gameserver.instancemanager.QuestManager	Loaded: 342 quest scripts.
2021.01.25 19:27:39,097	INFO	1	ru.privetdruk.l2jspace.commons.util.Util	---------------------------------------------=[ Game Server ]
2021.01.25 19:27:39,097	INFO	1	ru.privetdruk.l2jspace.gameserver.GameServer	IdFactory: Free ObjectID's remaining: 1879006084
2021.01.25 19:27:39,097	INFO	1	ru.privetdruk.l2jspace.commons.util.Util	--------------------------------------------=[ EventManager ]
2021.01.25 19:27:39,107	INFO	1	ru.privetdruk.l2jspace.gameserver.GameServer	All events are Disabled.
2021.01.25 19:27:39,109	INFO	1	ru.privetdruk.l2jspace.gameserver.datatables.OfflineTradeTable	Loading offline traders...
2021.01.25 19:27:39,110	INFO	1	ru.privetdruk.l2jspace.gameserver.datatables.OfflineTradeTable	Loaded 0 offline traders.
2021.01.25 19:27:39,110	INFO	1	ru.privetdruk.l2jspace.commons.util.Util	----------------------------------------------=[ Protection ]
2021.01.25 19:27:39,110	INFO	1	ru.privetdruk.l2jspace.gameserver.GameServer	Check skills on enter actived.
2021.01.25 19:27:39,110	INFO	1	ru.privetdruk.l2jspace.gameserver.GameServer	Check bad name on enter actived.
2021.01.25 19:27:39,110	INFO	1	ru.privetdruk.l2jspace.gameserver.GameServer	Check OverEnchant items on enter actived.
2021.01.25 19:27:39,110	INFO	1	ru.privetdruk.l2jspace.gameserver.GameServer	Bypass Validation actived.
2021.01.25 19:27:39,111	INFO	1	ru.privetdruk.l2jspace.commons.util.Util	----------------------------------------------------=[ Info ]
2021.01.25 19:27:39,123	INFO	1	ru.privetdruk.l2jspace.gameserver.GameServer	Maximum Numbers of Connected Players: 2000
2021.01.25 19:27:39,125	INFO	1	ru.privetdruk.l2jspace.gameserver.GameServer	GameServer Started, free memory 3532 Mb of 4008 Mb
2021.01.25 19:27:39,126	INFO	1	ru.privetdruk.l2jspace.gameserver.GameServer	Used memory: 475 MB
2021.01.25 19:27:39,126	INFO	1	ru.privetdruk.l2jspace.commons.util.Util	--------------------------------------------------=[ Status ]
2021.01.25 19:27:39,126	INFO	1	ru.privetdruk.l2jspace.gameserver.GameServer	Server Loaded in 14 seconds.
2021.01.25 19:27:39,126	INFO	1	ru.privetdruk.l2jspace.commons.util.Util	--------------------------------------------------=[ Telnet ]
2021.01.25 19:27:39,126	INFO	1	ru.privetdruk.l2jspace.gameserver.GameServer	Telnet server is disabled.
2021.01.25 19:27:39,126	INFO	1	ru.privetdruk.l2jspace.commons.util.Util	---------------------------------------------------=[ Login ]
2021.01.25 19:27:39,138	INFO	322	ru.privetdruk.l2jspace.gameserver.LoginServerThread	Connecting to login on 127.0.0.1:9014
2021.01.25 19:27:41,187	INFO	322	ru.privetdruk.l2jspace.gameserver.LoginServerThread	Deconnected from Login, Trying to reconnect..
2021.01.25 19:27:46,188	INFO	322	ru.privetdruk.l2jspace.gameserver.LoginServerThread	Connecting to login on 127.0.0.1:9014
2021.01.25 19:27:46,665	WARNING	31	ru.privetdruk.l2jspace.gameserver.Shutdown	Server issued shutdown command. SIGTERM in 1 seconds!
2021.01.25 19:27:47,667	WARNING	327	ru.privetdruk.l2jspace.gameserver.Shutdown	GM shutdown countdown is over. shutting down NOW!
2021.01.25 19:27:47,667	INFO	327	ru.privetdruk.l2jspace.gameserver.Shutdown	GM shutdown received. Shutting down NOW!
2021.01.25 19:27:47,671	INFO	327	ru.privetdruk.l2jspace.gameserver.datatables.OfflineTradeTable	Offline traders stored.
2021.01.25 19:27:47,671	INFO	327	ru.privetdruk.l2jspace.gameserver.Shutdown	Disconnecting all players from the Server...
2021.01.25 19:27:47,671	INFO	327	ru.privetdruk.l2jspace.gameserver.Shutdown	Saving all players data...
2021.01.25 19:27:47,673	INFO	327	ru.privetdruk.l2jspace.gameserver.Shutdown	SevenSigns: All info saved!!
2021.01.25 19:27:47,689	INFO	327	ru.privetdruk.l2jspace.gameserver.Shutdown	RaidBossSpawnManager: All raidboss info saved!!
2021.01.25 19:27:47,692	INFO	327	ru.privetdruk.l2jspace.gameserver.Shutdown	GrandBossManager: All Grand Boss info saved!!
2021.01.25 19:27:47,692	INFO	327	ru.privetdruk.l2jspace.gameserver.Shutdown	TradeController: All count Item Saved!!
2021.01.25 19:27:47,693	INFO	327	ru.privetdruk.l2jspace.gameserver.Shutdown	Olympiad System: Data saved!!
2021.01.25 19:27:47,695	INFO	327	ru.privetdruk.l2jspace.gameserver.Shutdown	Fishing Championship data have been saved!!
2021.01.25 19:27:47,696	INFO	327	ru.privetdruk.l2jspace.gameserver.Shutdown	BufferTable data has been saved!!
2021.01.25 19:27:47,706	INFO	327	ru.privetdruk.l2jspace.gameserver.instancemanager.GlobalVariablesManager	GlobalVariablesManager: Stored 2 variables.
2021.01.25 19:27:47,706	INFO	327	ru.privetdruk.l2jspace.gameserver.Shutdown	Global Variables Manager: Variables have been saved!!
2021.01.25 19:27:48,209	INFO	322	ru.privetdruk.l2jspace.gameserver.LoginServerThread	Deconnected from Login, Trying to reconnect..
2021.01.25 19:27:52,708	INFO	327	ru.privetdruk.l2jspace.commons.concurrent.ThreadPool	ThreadPool: Shutting down.
2021.01.25 19:27:52,720	INFO	327	ru.privetdruk.l2jspace.gameserver.Shutdown	Committing all data, last chance...
2021.01.25 19:27:52,737	INFO	327	ru.privetdruk.l2jspace.gameserver.Shutdown	All database data committed.
2021.01.25 19:27:52,737	INFO	327	ru.privetdruk.l2jspace.gameserver.Shutdown	[STATUS] Server shutdown successfully.
